09.04.2023 - 11:45:01 - [TAB v3.3.0] Something just tried to add player SathvikGamingYT into team PVP-819e9a8e196d (expected team: 1SathvikGamingYA)
09.04.2023 - 11:45:01 - [TAB v3.3.0] Something just tried to add player SathvikGamingYT into team PVP-819e9a8e196d (expected team: 1SathvikGamingYA)
09.04.2023 - 12:11:38 - [TAB v3.3.0] Something just tried to add player Zane1422 into team PVP-3b9acad20ff5 (expected team: 2Zane1422A)
09.04.2023 - 12:12:12 - [TAB v3.3.0] Something just tried to add player SathvikGamingYT into team PVP-819e9a8e196d (expected team: 1SathvikGamingYA)
09.04.2023 - 12:12:12 - [TAB v3.3.0] Something just tried to add player Zane1422 into team PVP-3b9acad20ff5 (expected team: 2Zane1422A)
09.04.2023 - 12:12:24 - [TAB v3.3.0] Something just tried to add player SathvikGamingYT into team PVP-819e9a8e196d (expected team: 1SathvikGamingYA)
09.04.2023 - 12:12:24 - [TAB v3.3.0] Something just tried to add player Zane1422 into team PVP-3b9acad20ff5 (expected team: 2Zane1422A)
09.04.2023 - 12:12:35 - [TAB v3.3.0] Something just tried to add player SathvikGamingYT into team PVP-819e9a8e196d (expected team: 1SathvikGamingYA)
09.04.2023 - 12:12:35 - [TAB v3.3.0] Something just tried to add player Zane1422 into team PVP-3b9acad20ff5 (expected team: 2Zane1422A)
09.04.2023 - 12:12:46 - [TAB v3.3.0] Something just tried to add player SathvikGamingYT into team PVP-819e9a8e196d (expected team: 1SathvikGamingYA)
09.04.2023 - 12:12:46 - [TAB v3.3.0] Something just tried to add player Zane1422 into team PVP-3b9acad20ff5 (expected team: 2Zane1422A)
09.04.2023 - 12:13:09 - [TAB v3.3.0] Something just tried to add player SathvikGamingYT into team PVP-819e9a8e196d (expected team: 1SathvikGamingYA)
09.04.2023 - 12:13:09 - [TAB v3.3.0] Something just tried to add player Zane1422 into team PVP-3b9acad20ff5 (expected team: 2Zane1422A)
09.04.2023 - 12:13:29 - [TAB v3.3.0] Something just tried to add player SathvikGamingYT into team PVP-819e9a8e196d (expected team: 1SathvikGamingYA)
09.04.2023 - 12:13:29 - [TAB v3.3.0] Something just tried to add player Zane1422 into team PVP-3b9acad20ff5 (expected team: 2Zane1422A)
09.04.2023 - 12:27:47 - [TAB v3.3.0] Something just tried to add player SathvikGamingYT into team PVP-819e9a8e196d (expected team: 1SathvikGamingYA)
09.04.2023 - 12:27:47 - [TAB v3.3.0] Something just tried to add player Zane1422 into team PVP-3b9acad20ff5 (expected team: 2Zane1422A)
09.04.2023 - 17:19:25 - [TAB v3.3.0] Something just tried to add player Roxboters into team PVP-86ea4d3a34a4 (expected team: 8RoxbotersA)
09.04.2023 - 17:19:25 - [TAB v3.3.0] Something just tried to add player Roxboters into team PVP-86ea4d3a34a4 (expected team: 8RoxbotersA)
09.04.2023 - 17:19:25 - [TAB v3.3.0] Something just tried to add player DaddyNexo into team PVP-74ac2d8a186c (expected team: 8DaddyNexoA)
10.04.2023 - 01:42:53 - [TAB v3.3.0] Something just tried to add player SathvikGamingYT into team PVP-819e9a8e196d (expected team: 1SathvikGamingYA)
10.04.2023 - 01:42:53 - [TAB v3.3.0] Something just tried to add player DaddyNexo into team PVP-74ac2d8a186c (expected team: 8DaddyNexoA)
10.04.2023 - 11:01:28 - [TAB v3.3.0] Something just tried to add player SathvikGamingYT into team PVP-819e9a8e196d (expected team: 1SathvikGamingYA)
10.04.2023 - 11:01:28 - [TAB v3.3.0] Something just tried to add player SathvikGamingYT into team PVP-819e9a8e196d (expected team: 1SathvikGamingYA)
10.04.2023 - 12:02:36 - [TAB v3.3.0] Something just tried to add player SathvikGamingYT into team PVP-819e9a8e196d (expected team: 1SathvikGamingYA)
10.04.2023 - 12:02:36 - [TAB v3.3.0] Something just tried to add player SathvikGamingYT into team PVP-819e9a8e196d (expected team: 1SathvikGamingYA)
10.04.2023 - 12:02:37 - [TAB v3.3.0] Something just tried to add player Zane1422 into team PVP-3b9acad20ff5 (expected team: 2Zane1422A)
10.04.2023 - 12:02:51 - [TAB v3.3.0] Something just tried to add player SathvikGamingYT into team PVP-819e9a8e196d (expected team: 1SathvikGamingYA)
10.04.2023 - 12:21:11 - [TAB v3.3.0] Something just tried to add player Roxboters into team PVP-86ea4d3a34a4 (expected team: 8RoxbotersA)
10.04.2023 - 12:36:14 - [TAB v3.3.0] Something just tried to add player Zane1422 into team PVP-3b9acad20ff5 (expected team: 2Zane1422A)
10.04.2023 - 12:40:26 - [TAB v3.3.0] Something just tried to add player Roxboters into team PVP-86ea4d3a34a4 (expected team: 8RoxbotersA)
10.04.2023 - 12:41:18 - [TAB v3.3.0] Something just tried to add player Zane1422 into team PVP-3b9acad20ff5 (expected team: 2Zane1422A)
10.04.2023 - 12:41:41 - [TAB v3.3.0] Something just tried to add player Roxboters into team PVP-86ea4d3a34a4 (expected team: 8RoxbotersA)
10.04.2023 - 12:41:41 - [TAB v3.3.0] Something just tried to add player Zane1422 into team PVP-3b9acad20ff5 (expected team: 2Zane1422A)
10.04.2023 - 12:42:25 - [TAB v3.3.0] Something just tried to add player Roxboters into team PVP-86ea4d3a34a4 (expected team: 8RoxbotersA)
10.04.2023 - 12:42:30 - [TAB v3.3.0] Something just tried to add player Zane1422 into team PVP-3b9acad20ff5 (expected team: 2Zane1422A)
10.04.2023 - 12:53:09 - [TAB v3.3.0] Something just tried to add player SathvikGamingYT into team PVP-819e9a8e196d (expected team: 1SathvikGamingYA)
10.04.2023 - 12:54:22 - [TAB v3.3.0] Something just tried to add player Zane1422 into team PVP-3b9acad20ff5 (expected team: 2Zane1422A)
10.04.2023 - 12:54:22 - [TAB v3.3.0] Something just tried to add player SathvikGamingYT into team PVP-819e9a8e196d (expected team: 1SathvikGamingYA)
10.04.2023 - 12:54:59 - [TAB v3.3.0] Something just tried to add player DaddyNexo into team PVP-74ac2d8a186c (expected team: ;DaddyNexoA)
10.04.2023 - 12:55:16 - [TAB v3.3.0] Something just tried to add player SathvikGamingYT into team PVP-819e9a8e196d (expected team: 1SathvikGamingYA)
10.04.2023 - 12:55:16 - [TAB v3.3.0] Something just tried to add player Zane1422 into team PVP-3b9acad20ff5 (expected team: 2Zane1422A)
10.04.2023 - 12:55:16 - [TAB v3.3.0] Something just tried to add player DaddyNexo into team PVP-74ac2d8a186c (expected team: ;DaddyNexoA)
10.04.2023 - 12:57:09 - [TAB v3.3.0] Something just tried to add player DaddyNexo into team PVP-74ac2d8a186c (expected team: 8DaddyNexoA)
10.04.2023 - 12:57:09 - [TAB v3.3.0] Something just tried to add player SathvikGamingYT into team PVP-819e9a8e196d (expected team: 1SathvikGamingYA)
10.04.2023 - 12:57:33 - [TAB v3.3.0] Something just tried to add player DaddyNexo into team PVP-74ac2d8a186c (expected team: 8DaddyNexoA)
10.04.2023 - 12:57:33 - [TAB v3.3.0] Something just tried to add player SathvikGamingYT into team PVP-819e9a8e196d (expected team: 1SathvikGamingYA)
10.04.2023 - 12:58:38 - [TAB v3.3.0] Something just tried to add player DaddyNexo into team PVP-74ac2d8a186c (expected team: 8DaddyNexoA)
10.04.2023 - 12:58:38 - [TAB v3.3.0] Something just tried to add player SathvikGamingYT into team PVP-819e9a8e196d (expected team: 1SathvikGamingYA)
10.04.2023 - 12:58:46 - [TAB v3.3.0] Something just tried to add player DaddyNexo into team PVP-74ac2d8a186c (expected team: 8DaddyNexoA)
10.04.2023 - 12:58:56 - [TAB v3.3.0] Something just tried to add player SathvikGamingYT into team PVP-819e9a8e196d (expected team: 1SathvikGamingYA)
10.04.2023 - 13:00:07 - [TAB v3.3.0] Something just tried to add player DaddyNexo into team PVP-74ac2d8a186c (expected team: 8DaddyNexoA)
10.04.2023 - 13:00:07 - [TAB v3.3.0] Something just tried to add player SathvikGamingYT into team PVP-819e9a8e196d (expected team: 1SathvikGamingYA)
10.04.2023 - 13:00:35 - [TAB v3.3.0] Something just tried to add player DaddyNexo into team PVP-74ac2d8a186c (expected team: 8DaddyNexoA)
10.04.2023 - 13:00:35 - [TAB v3.3.0] Something just tried to add player SathvikGamingYT into team PVP-819e9a8e196d (expected team: 1SathvikGamingYA)
10.04.2023 - 13:00:51 - [TAB v3.3.0] Something just tried to add player Zane1422 into team PVP-3b9acad20ff5 (expected team: 2Zane1422A)
10.04.2023 - 13:00:51 - [TAB v3.3.0] Something just tried to add player DaddyNexo into team PVP-74ac2d8a186c (expected team: 8DaddyNexoA)
10.04.2023 - 13:01:56 - [TAB v3.3.0] Something just tried to add player Zane1422 into team PVP-3b9acad20ff5 (expected team: 2Zane1422A)
10.04.2023 - 13:01:56 - [TAB v3.3.0] Something just tried to add player SathvikGamingYT into team PVP-819e9a8e196d (expected team: 1SathvikGamingYA)
10.04.2023 - 13:02:28 - [TAB v3.3.0] Something just tried to add player Zane1422 into team PVP-3b9acad20ff5 (expected team: 2Zane1422A)
10.04.2023 - 13:02:28 - [TAB v3.3.0] Something just tried to add player SathvikGamingYT into team PVP-819e9a8e196d (expected team: 1SathvikGamingYA)
10.04.2023 - 13:02:58 - [TAB v3.3.0] Something just tried to add player Zane1422 into team PVP-3b9acad20ff5 (expected team: 2Zane1422A)
10.04.2023 - 13:03:30 - [TAB v3.3.0] Something just tried to add player SathvikGamingYT into team PVP-819e9a8e196d (expected team: 1SathvikGamingYA)
10.04.2023 - 13:03:30 - [TAB v3.3.0] Something just tried to add player Zane1422 into team PVP-3b9acad20ff5 (expected team: 2Zane1422A)
10.04.2023 - 13:04:03 - [TAB v3.3.0] Something just tried to add player SathvikGamingYT into team PVP-819e9a8e196d (expected team: 1SathvikGamingYA)
10.04.2023 - 13:04:35 - [TAB v3.3.0] Something just tried to add player Roxboters into team PVP-86ea4d3a34a4 (expected team: 8RoxbotersA)
10.04.2023 - 13:04:42 - [TAB v3.3.0] Something just tried to add player SathvikGamingYT into team PVP-819e9a8e196d (expected team: 1SathvikGamingYA)
10.04.2023 - 13:04:42 - [TAB v3.3.0] Something just tried to add player Roxboters into team PVP-86ea4d3a34a4 (expected team: 8RoxbotersA)
10.04.2023 - 13:04:47 - [TAB v3.3.0] Something just tried to add player Zane1422 into team PVP-3b9acad20ff5 (expected team: 2Zane1422A)
10.04.2023 - 13:04:47 - [TAB v3.3.0] Something just tried to add player Zane1422 into team PVP-3b9acad20ff5 (expected team: 2Zane1422A)
10.04.2023 - 13:05:00 - [TAB v3.3.0] Something just tried to add player Roxboters into team PVP-86ea4d3a34a4 (expected team: 8RoxbotersA)
10.04.2023 - 13:06:57 - [TAB v3.3.0] Something just tried to add player Zane1422 into team PVP-3b9acad20ff5 (expected team: 2Zane1422A)
10.04.2023 - 13:06:57 - [TAB v3.3.0] Something just tried to add player SathvikGamingYT into team PVP-819e9a8e196d (expected team: 1SathvikGamingYA)
10.04.2023 - 13:07:12 - [TAB v3.3.0] Something just tried to add player Zane1422 into team PVP-3b9acad20ff5 (expected team: 2Zane1422A)
10.04.2023 - 13:07:12 - [TAB v3.3.0] Something just tried to add player SathvikGamingYT into team PVP-819e9a8e196d (expected team: 1SathvikGamingYA)
10.04.2023 - 13:08:39 - [TAB v3.3.0] Something just tried to add player Zane1422 into team PVP-3b9acad20ff5 (expected team: 2Zane1422A)
10.04.2023 - 13:08:39 - [TAB v3.3.0] Something just tried to add player Zane1422 into team PVP-3b9acad20ff5 (expected team: 2Zane1422A)
10.04.2023 - 13:08:39 - [TAB v3.3.0] Something just tried to add player Zane1422 into team PVP-3b9acad20ff5 (expected team: 2Zane1422A)
10.04.2023 - 13:08:39 - [TAB v3.3.0] Something just tried to add player SathvikGamingYT into team PVP-819e9a8e196d (expected team: 1SathvikGamingYA)
10.04.2023 - 13:26:00 - [TAB v3.3.0] Something just tried to add player Zane1422 into team PVP-3b9acad20ff5 (expected team: 2Zane1422A)
10.04.2023 - 13:26:00 - [TAB v3.3.0] Something just tried to add player SathvikGamingYT into team PVP-819e9a8e196d (expected team: 1SathvikGamingYA)
10.04.2023 - 13:31:46 - [TAB v3.3.0] Something just tried to add player Zane1422 into team PVP-3b9acad20ff5 (expected team: 2Zane1422A)
10.04.2023 - 13:32:23 - [TAB v3.3.0] Something just tried to add player SathvikGamingYT into team PVP-819e9a8e196d (expected team: 1SathvikGamingYA)
10.04.2023 - 13:33:01 - [TAB v3.3.0] Something just tried to add player Zane1422 into team PVP-3b9acad20ff5 (expected team: 2Zane1422A)
10.04.2023 - 13:33:08 - [TAB v3.3.0] Something just tried to add player SathvikGamingYT into team PVP-819e9a8e196d (expected team: 1SathvikGamingYA)
10.04.2023 - 13:33:16 - [TAB v3.3.0] Something just tried to add player Zane1422 into team PVP-3b9acad20ff5 (expected team: 2Zane1422A)
10.04.2023 - 13:35:55 - [TAB v3.3.0] Something just tried to add player SathvikGamingYT into team PVP-819e9a8e196d (expected team: 1SathvikGamingYA)
10.04.2023 - 13:36:03 - [TAB v3.3.0] Something just tried to add player Zane1422 into team PVP-3b9acad20ff5 (expected team: 2Zane1422A)
10.04.2023 - 13:36:30 - [TAB v3.3.0] Something just tried to add player SathvikGamingYT into team PVP-819e9a8e196d (expected team: 1SathvikGamingYA)
11.04.2023 - 04:12:37 - [TAB v3.3.0] Something just tried to add player SathvikGamingYT into team PVP-819e9a8e196d (expected team: 1SathvikGamingYA)
11.04.2023 - 04:42:00 - [TAB v3.3.0] Something just tried to add player SathvikPlayz into team PVP-6a4496257d98 (expected team: ;SathvikPlayzA)
11.04.2023 - 04:42:00 - [TAB v3.3.0] Something just tried to add player SathvikPlayz into team PVP-6a4496257d98 (expected team: ;SathvikPlayzA)
11.04.2023 - 04:42:00 - [TAB v3.3.0] Something just tried to add player SathvikGamingYT into team PVP-819e9a8e196d (expected team: 1SathvikGamingYA)
11.04.2023 - 04:42:22 - [TAB v3.3.0] Something just tried to add player SathvikPlayz into team PVP-6a4496257d98 (expected team: ;SathvikPlayzA)
11.04.2023 - 08:04:40 - [TAB v3.3.0] Something just tried to add player SathvikPlayz into team PVP-6a4496257d98 (expected team: ;SathvikPlayzA)
11.04.2023 - 11:42:13 - [TAB v3.3.0] Something just tried to add player _NotWiReXD into team PVP-cc805e0c1286 (expected team: ;_NotWiReXDA)
11.04.2023 - 11:42:13 - [TAB v3.3.0] Something just tried to add player DaddyNexo into team PVP-74ac2d8a186c (expected team: 7DaddyNexoA)
11.04.2023 - 11:42:34 - [TAB v3.3.0] Something just tried to add player _NotWiReXD into team PVP-cc805e0c1286 (expected team: ;_NotWiReXDA)
11.04.2023 - 11:42:34 - [TAB v3.3.0] Something just tried to add player DaddyNexo into team PVP-74ac2d8a186c (expected team: 7DaddyNexoA)
11.04.2023 - 11:43:05 - [TAB v3.3.0] Something just tried to add player _NotWiReXD into team PVP-cc805e0c1286 (expected team: ;_NotWiReXDA)
11.04.2023 - 11:43:21 - [TAB v3.3.0] Something just tried to add player DaddyNexo into team PVP-74ac2d8a186c (expected team: 7DaddyNexoA)
11.04.2023 - 11:43:21 - [TAB v3.3.0] Something just tried to add player _NotWiReXD into team PVP-cc805e0c1286 (expected team: ;_NotWiReXDA)
11.04.2023 - 11:43:21 - [TAB v3.3.0] Something just tried to add player DaddyNexo into team PVP-74ac2d8a186c (expected team: 7DaddyNexoA)
11.04.2023 - 11:43:49 - [TAB v3.3.0] Something just tried to add player _NotWiReXD into team PVP-cc805e0c1286 (expected team: ;_NotWiReXDA)
11.04.2023 - 11:44:02 - [TAB v3.3.0] Something just tried to add player DaddyNexo into team PVP-74ac2d8a186c (expected team: 7DaddyNexoA)
11.04.2023 - 11:44:12 - [TAB v3.3.0] Something just tried to add player _NotWiReXD into team PVP-cc805e0c1286 (expected team: ;_NotWiReXDA)
11.04.2023 - 11:44:36 - [TAB v3.3.0] Something just tried to add player DaddyNexo into team PVP-74ac2d8a186c (expected team: 7DaddyNexoA)
11.04.2023 - 11:44:36 - [TAB v3.3.0] Something just tried to add player _NotWiReXD into team PVP-cc805e0c1286 (expected team: ;_NotWiReXDA)
11.04.2023 - 11:45:14 - [TAB v3.3.0] Something just tried to add player DaddyNexo into team PVP-74ac2d8a186c (expected team: 7DaddyNexoA)
11.04.2023 - 11:46:04 - [TAB v3.3.0] Something just tried to add player _NotWiReXD into team PVP-cc805e0c1286 (expected team: ;_NotWiReXDA)
11.04.2023 - 11:46:04 - [TAB v3.3.0] Something just tried to add player DaddyNexo into team PVP-74ac2d8a186c (expected team: 7DaddyNexoA)
11.04.2023 - 11:47:04 - [TAB v3.3.0] Something just tried to add player _NotWiReXD into team PVP-cc805e0c1286 (expected team: ;_NotWiReXDA)
11.04.2023 - 11:47:04 - [TAB v3.3.0] Something just tried to add player _NotWiReXD into team PVP-cc805e0c1286 (expected team: ;_NotWiReXDA)
11.04.2023 - 11:47:04 - [TAB v3.3.0] Something just tried to add player DaddyNexo into team PVP-74ac2d8a186c (expected team: 7DaddyNexoA)
11.04.2023 - 12:51:57 - [TAB v3.3.0] Something just tried to add player SathvikPlayz into team PVP-6a4496257d98 (expected team: ;SathvikPlayzA)
11.04.2023 - 12:51:57 - [TAB v3.3.0] Something just tried to add player SathvikPlayz into team PVP-6a4496257d98 (expected team: ;SathvikPlayzA)
11.04.2023 - 12:51:57 - [TAB v3.3.0] Something just tried to add player DaddyNexo into team PVP-74ac2d8a186c (expected team: 7DaddyNexoA)
11.04.2023 - 12:53:22 - [TAB v3.3.0] Something just tried to add player SathvikPlayz into team PVP-6a4496257d98 (expected team: ;SathvikPlayzA)
11.04.2023 - 12:54:38 - [TAB v3.3.0] Something just tried to add player DaddyNexo into team PVP-74ac2d8a186c (expected team: 7DaddyNexoA)
11.04.2023 - 12:55:16 - [TAB v3.3.0] Something just tried to add player SathvikPlayz into team PVP-6a4496257d98 (expected team: ;SathvikPlayzA)
11.04.2023 - 12:55:16 - [TAB v3.3.0] Something just tried to add player SathvikPlayz into team PVP-6a4496257d98 (expected team: ;SathvikPlayzA)
11.04.2023 - 12:55:36 - [TAB v3.3.0] Something just tried to add player DaddyNexo into team PVP-74ac2d8a186c (expected team: 7DaddyNexoA)
11.04.2023 - 12:55:36 - [TAB v3.3.0] Something just tried to add player SathvikPlayz into team PVP-6a4496257d98 (expected team: ;SathvikPlayzA)
11.04.2023 - 12:57:28 - [TAB v3.3.0] Something just tried to add player DaddyNexo into team PVP-74ac2d8a186c (expected team: 7DaddyNexoA)
11.04.2023 - 12:57:43 - [TAB v3.3.0] Something just tried to add player SathvikPlayz into team PVP-6a4496257d98 (expected team: ;SathvikPlayzA)
11.04.2023 - 12:57:49 - [TAB v3.3.0] Something just tried to add player DaddyNexo into team PVP-74ac2d8a186c (expected team: 7DaddyNexoA)
11.04.2023 - 12:58:19 - [TAB v3.3.0] Something just tried to add player SathvikPlayz into team PVP-6a4496257d98 (expected team: ;SathvikPlayzA)
11.04.2023 - 12:58:19 - [TAB v3.3.0] Something just tried to add player DaddyNexo into team PVP-74ac2d8a186c (expected team: 7DaddyNexoA)
11.04.2023 - 12:58:19 - [TAB v3.3.0] Something just tried to add player SathvikPlayz into team PVP-6a4496257d98 (expected team: ;SathvikPlayzA)
11.04.2023 - 12:58:31 - [TAB v3.3.0] Something just tried to add player DaddyNexo into team PVP-74ac2d8a186c (expected team: 7DaddyNexoA)
11.04.2023 - 12:58:31 - [TAB v3.3.0] Something just tried to add player SathvikPlayz into team PVP-6a4496257d98 (expected team: ;SathvikPlayzA)
11.04.2023 - 12:59:23 - [TAB v3.3.0] Something just tried to add player DaddyNexo into team PVP-74ac2d8a186c (expected team: 7DaddyNexoA)
11.04.2023 - 12:59:23 - [TAB v3.3.0] Something just tried to add player SathvikPlayz into team PVP-6a4496257d98 (expected team: ;SathvikPlayzA)
11.04.2023 - 12:59:29 - [TAB v3.3.0] Something just tried to add player DaddyNexo into team PVP-74ac2d8a186c (expected team: 7DaddyNexoA)
11.04.2023 - 13:00:20 - [TAB v3.3.0] Something just tried to add player SathvikPlayz into team PVP-6a4496257d98 (expected team: ;SathvikPlayzA)
11.04.2023 - 13:01:06 - [TAB v3.3.0] Something just tried to add player DaddyNexo into team PVP-74ac2d8a186c (expected team: 7DaddyNexoA)
11.04.2023 - 13:01:06 - [TAB v3.3.0] Something just tried to add player SathvikPlayz into team PVP-6a4496257d98 (expected team: ;SathvikPlayzA)
11.04.2023 - 13:01:21 - [TAB v3.3.0] Something just tried to add player DaddyNexo into team PVP-74ac2d8a186c (expected team: 7DaddyNexoA)
11.04.2023 - 13:02:07 - [TAB v3.3.0] Something just tried to add player SathvikPlayz into team PVP-6a4496257d98 (expected team: ;SathvikPlayzA)
11.04.2023 - 13:02:07 - [TAB v3.3.0] Something just tried to add player DaddyNexo into team PVP-74ac2d8a186c (expected team: 7DaddyNexoA)
11.04.2023 - 13:02:23 - [TAB v3.3.0] Something just tried to add player SathvikPlayz into team PVP-6a4496257d98 (expected team: ;SathvikPlayzA)
11.04.2023 - 13:02:51 - [TAB v3.3.0] Something just tried to add player DaddyNexo into team PVP-74ac2d8a186c (expected team: 7DaddyNexoA)
11.04.2023 - 13:03:06 - [TAB v3.3.0] Something just tried to add player SathvikPlayz into team PVP-6a4496257d98 (expected team: ;SathvikPlayzA)
11.04.2023 - 13:34:50 - [TAB v3.3.0] Something just tried to add player Zane1422 into team PVP-3b9acad20ff5 (expected team: 2Zane1422A)
11.04.2023 - 13:35:17 - [TAB v3.3.0] Something just tried to add player SathvikPlayz into team PVP-6a4496257d98 (expected team: ;SathvikPlayzA)
11.04.2023 - 13:35:17 - [TAB v3.3.0] Something just tried to add player Zane1422 into team PVP-3b9acad20ff5 (expected team: 2Zane1422A)
11.04.2023 - 13:35:36 - [TAB v3.3.0] Something just tried to add player SathvikPlayz into team PVP-6a4496257d98 (expected team: ;SathvikPlayzA)
11.04.2023 - 13:35:36 - [TAB v3.3.0] Something just tried to add player Zane1422 into team PVP-3b9acad20ff5 (expected team: 2Zane1422A)
11.04.2023 - 13:36:11 - [TAB v3.3.0] Something just tried to add player SathvikPlayz into team PVP-6a4496257d98 (expected team: ;SathvikPlayzA)
11.04.2023 - 13:38:06 - [TAB v3.3.0] Something just tried to add player Zane1422 into team PVP-3b9acad20ff5 (expected team: 2Zane1422A)
11.04.2023 - 13:38:35 - [TAB v3.3.0] Something just tried to add player SathvikPlayz into team PVP-6a4496257d98 (expected team: ;SathvikPlayzA)
11.04.2023 - 13:39:40 - [TAB v3.3.0] Something just tried to add player Zane1422 into team PVP-3b9acad20ff5 (expected team: 2Zane1422A)
11.04.2023 - 13:39:40 - [TAB v3.3.0] Something just tried to add player SathvikPlayz into team PVP-6a4496257d98 (expected team: ;SathvikPlayzA)
11.04.2023 - 13:45:31 - [TAB v3.3.0] Something just tried to add player Zane1422 into team PVP-3b9acad20ff5 (expected team: 2Zane1422A)
11.04.2023 - 13:45:31 - [TAB v3.3.0] Something just tried to add player SathvikPlayz into team PVP-6a4496257d98 (expected team: ;SathvikPlayzA)
11.04.2023 - 13:45:52 - [TAB v3.3.0] Something just tried to add player Zane1422 into team PVP-3b9acad20ff5 (expected team: 2Zane1422A)
11.04.2023 - 13:45:52 - [TAB v3.3.0] Something just tried to add player SathvikPlayz into team PVP-6a4496257d98 (expected team: ;SathvikPlayzA)
11.04.2023 - 13:46:08 - [TAB v3.3.0] Something just tried to add player Zane1422 into team PVP-3b9acad20ff5 (expected team: 2Zane1422A)
11.04.2023 - 13:47:02 - [TAB v3.3.0] Something just tried to add player SathvikPlayz into team PVP-6a4496257d98 (expected team: ;SathvikPlayzA)
11.04.2023 - 13:47:02 - [TAB v3.3.0] Something just tried to add player Zane1422 into team PVP-3b9acad20ff5 (expected team: 2Zane1422A)
14.04.2023 - 09:40:44 - [TAB v3.3.0] Something just tried to add player SathvikGamingYT into team PVP-819e9a8e196d (expected team: :SathvikGamingYA)
14.04.2023 - 09:40:44 - [TAB v3.3.0] Something just tried to add player SathvikGamingYT into team PVP-819e9a8e196d (expected team: :SathvikGamingYA)
14.04.2023 - 10:02:18 - [TAB v3.3.0] Something just tried to add player Gsesisbest into team PVP-337818546e23 (expected team: <GsesisbestA)
14.04.2023 - 10:02:18 - [TAB v3.3.0] Something just tried to add player SathvikGamingYT into team PVP-819e9a8e196d (expected team: :SathvikGamingYA)
14.04.2023 - 10:03:04 - [TAB v3.3.0] Something just tried to add player Gsesisbest into team PVP-337818546e23 (expected team: <GsesisbestA)
14.04.2023 - 10:03:04 - [TAB v3.3.0] Something just tried to add player SathvikGamingYT into team PVP-819e9a8e196d (expected team: :SathvikGamingYA)
14.04.2023 - 10:03:25 - [TAB v3.3.0] Something just tried to add player Gsesisbest into team PVP-337818546e23 (expected team: <GsesisbestA)
14.04.2023 - 10:03:35 - [TAB v3.3.0] Something just tried to add player SathvikGamingYT into team PVP-819e9a8e196d (expected team: :SathvikGamingYA)
14.04.2023 - 10:04:22 - [TAB v3.3.0] Something just tried to add player Gsesisbest into team PVP-337818546e23 (expected team: <GsesisbestA)
14.04.2023 - 10:04:55 - [TAB v3.3.0] Something just tried to add player SathvikGamingYT into team PVP-819e9a8e196d (expected team: :SathvikGamingYA)
14.04.2023 - 10:05:22 - [TAB v3.3.0] Something just tried to add player Gsesisbest into team PVP-337818546e23 (expected team: :GsesisbestA)
14.04.2023 - 10:05:34 - [TAB v3.3.0] Something just tried to add player SathvikGamingYT into team PVP-819e9a8e196d (expected team: :SathvikGamingYA)
14.04.2023 - 10:05:34 - [TAB v3.3.0] Something just tried to add player Gsesisbest into team PVP-337818546e23 (expected team: :GsesisbestA)
14.04.2023 - 10:06:59 - [TAB v3.3.0] Something just tried to add player SathvikGamingYT into team PVP-819e9a8e196d (expected team: :SathvikGamingYA)
14.04.2023 - 10:06:59 - [TAB v3.3.0] Something just tried to add player Gsesisbest into team PVP-337818546e23 (expected team: :GsesisbestA)
14.04.2023 - 10:14:00 - [TAB v3.3.0] Something just tried to add player SathvikGamingYT into team PVP-819e9a8e196d (expected team: :SathvikGamingYA)
14.04.2023 - 10:14:00 - [TAB v3.3.0] Something just tried to add player Gsesisbest into team PVP-337818546e23 (expected team: :GsesisbestA)
14.04.2023 - 10:14:15 - [TAB v3.3.0] Something just tried to add player SathvikGamingYT into team PVP-819e9a8e196d (expected team: :SathvikGamingYA)
14.04.2023 - 10:15:05 - [TAB v3.3.0] Something just tried to add player Gsesisbest into team PVP-337818546e23 (expected team: :GsesisbestA)
14.04.2023 - 10:20:18 - [TAB v3.3.0] Something just tried to add player SathvikGamingYT into team PVP-819e9a8e196d (expected team: :SathvikGamingYA)
14.04.2023 - 10:20:18 - [TAB v3.3.0] Something just tried to add player Gsesisbest into team PVP-337818546e23 (expected team: :GsesisbestA)
14.04.2023 - 10:24:09 - [TAB v3.3.0] Something just tried to add player SathvikGamingYT into team PVP-819e9a8e196d (expected team: :SathvikGamingYA)
14.04.2023 - 10:24:09 - [TAB v3.3.0] Something just tried to add player Gsesisbest into team PVP-337818546e23 (expected team: :GsesisbestA)
14.04.2023 - 10:24:25 - [TAB v3.3.0] Something just tried to add player SathvikGamingYT into team PVP-819e9a8e196d (expected team: :SathvikGamingYA)
14.04.2023 - 10:24:25 - [TAB v3.3.0] Something just tried to add player Gsesisbest into team PVP-337818546e23 (expected team: :GsesisbestA)
14.04.2023 - 10:34:23 - [TAB v3.3.0] Something just tried to add player SathvikGamingYT into team PVP-819e9a8e196d (expected team: :SathvikGamingYA)
14.04.2023 - 10:34:49 - [TAB v3.3.0] Something just tried to add player Gsesisbest into team PVP-337818546e23 (expected team: :GsesisbestA)
14.04.2023 - 10:34:49 - [TAB v3.3.0] Something just tried to add player SathvikGamingYT into team PVP-819e9a8e196d (expected team: :SathvikGamingYA)
14.04.2023 - 10:37:10 - [TAB v3.3.0] Something just tried to add player Gsesisbest into team PVP-337818546e23 (expected team: :GsesisbestA)
14.04.2023 - 10:37:10 - [TAB v3.3.0] Something just tried to add player SathvikGamingYT into team PVP-819e9a8e196d (expected team: :SathvikGamingYA)
14.04.2023 - 10:37:24 - [TAB v3.3.0] Something just tried to add player Gsesisbest into team PVP-337818546e23 (expected team: :GsesisbestA)
14.04.2023 - 10:37:24 - [TAB v3.3.0] Something just tried to add player SathvikGamingYT into team PVP-819e9a8e196d (expected team: :SathvikGamingYA)
14.04.2023 - 10:37:24 - [TAB v3.3.0] Something just tried to add player Gsesisbest into team PVP-337818546e23 (expected team: :GsesisbestA)
14.04.2023 - 10:37:44 - [TAB v3.3.0] Something just tried to add player Gsesisbest into team PVP-337818546e23 (expected team: :GsesisbestA)
14.04.2023 - 10:37:44 - [TAB v3.3.0] Something just tried to add player SathvikGamingYT into team PVP-819e9a8e196d (expected team: :SathvikGamingYA)
14.04.2023 - 10:38:25 - [TAB v3.3.0] Something just tried to add player Gsesisbest into team PVP-337818546e23 (expected team: :GsesisbestA)
14.04.2023 - 10:38:25 - [TAB v3.3.0] Something just tried to add player SathvikGamingYT into team PVP-819e9a8e196d (expected team: :SathvikGamingYA)
14.04.2023 - 10:38:55 - [TAB v3.3.0] Something just tried to add player Gsesisbest into team PVP-337818546e23 (expected team: :GsesisbestA)
14.04.2023 - 10:38:55 - [TAB v3.3.0] Something just tried to add player SathvikGamingYT into team PVP-819e9a8e196d (expected team: :SathvikGamingYA)
14.04.2023 - 10:39:05 - [TAB v3.3.0] Something just tried to add player Gsesisbest into team PVP-337818546e23 (expected team: :GsesisbestA)
14.04.2023 - 10:39:25 - [TAB v3.3.0] Something just tried to add player SathvikGamingYT into team PVP-819e9a8e196d (expected team: :SathvikGamingYA)
14.04.2023 - 10:39:44 - [TAB v3.3.0] Something just tried to add player Gsesisbest into team PVP-337818546e23 (expected team: :GsesisbestA)
14.04.2023 - 10:39:44 - [TAB v3.3.0] Something just tried to add player SathvikGamingYT into team PVP-819e9a8e196d (expected team: :SathvikGamingYA)
14.04.2023 - 10:40:17 - [TAB v3.3.0] Something just tried to add player Gsesisbest into team PVP-337818546e23 (expected team: :GsesisbestA)
14.04.2023 - 10:40:17 - [TAB v3.3.0] Something just tried to add player SathvikGamingYT into team PVP-819e9a8e196d (expected team: :SathvikGamingYA)
14.04.2023 - 10:40:35 - [TAB v3.3.0] Something just tried to add player Gsesisbest into team PVP-337818546e23 (expected team: :GsesisbestA)
14.04.2023 - 10:40:35 - [TAB v3.3.0] Something just tried to add player SathvikGamingYT into team PVP-819e9a8e196d (expected team: :SathvikGamingYA)
14.04.2023 - 10:40:54 - [TAB v3.3.0] Something just tried to add player Gsesisbest into team PVP-337818546e23 (expected team: :GsesisbestA)
14.04.2023 - 10:40:55 - [TAB v3.3.0] Something just tried to add player SathvikGamingYT into team PVP-819e9a8e196d (expected team: :SathvikGamingYA)
14.04.2023 - 10:41:45 - [TAB v3.3.0] Something just tried to add player Gsesisbest into team PVP-337818546e23 (expected team: :GsesisbestA)
14.04.2023 - 10:41:45 - [TAB v3.3.0] Something just tried to add player SathvikGamingYT into team PVP-819e9a8e196d (expected team: :SathvikGamingYA)
14.04.2023 - 10:42:28 - [TAB v3.3.0] Something just tried to add player SathvikGamingYT into team PVP-819e9a8e196d (expected team: =SathvikGamingYA)
14.04.2023 - 10:42:28 - [TAB v3.3.0] Something just tried to add player Gsesisbest into team PVP-337818546e23 (expected team: :GsesisbestA)
14.04.2023 - 10:43:03 - [TAB v3.3.0] Something just tried to add player SathvikGamingYT into team PVP-819e9a8e196d (expected team: 7SathvikGamingYA)
14.04.2023 - 10:43:03 - [TAB v3.3.0] Something just tried to add player SathvikGamingYT into team PVP-819e9a8e196d (expected team: 7SathvikGamingYA)
14.04.2023 - 10:43:03 - [TAB v3.3.0] Something just tried to add player Gsesisbest into team PVP-337818546e23 (expected team: :GsesisbestA)
14.04.2023 - 10:43:52 - [TAB v3.3.0] Something just tried to add player SathvikGamingYT into team PVP-819e9a8e196d (expected team: 5SathvikGamingYA)
14.04.2023 - 10:43:52 - [TAB v3.3.0] Something just tried to add player Gsesisbest into team PVP-337818546e23 (expected team: :GsesisbestA)
14.04.2023 - 10:44:01 - [TAB v3.3.0] Something just tried to add player SathvikGamingYT into team PVP-819e9a8e196d (expected team: 5SathvikGamingYA)
14.04.2023 - 10:44:01 - [TAB v3.3.0] Something just tried to add player Gsesisbest into team PVP-337818546e23 (expected team: :GsesisbestA)
14.04.2023 - 10:46:39 - [TAB v3.3.0] Something just tried to add player SathvikGamingYT into team PVP-819e9a8e196d (expected team: 4SathvikGamingYA)
14.04.2023 - 10:46:39 - [TAB v3.3.0] Something just tried to add player SathvikGamingYT into team PVP-819e9a8e196d (expected team: 4SathvikGamingYA)
14.04.2023 - 10:46:39 - [TAB v3.3.0] Something just tried to add player Gsesisbest into team PVP-337818546e23 (expected team: :GsesisbestA)
14.04.2023 - 10:47:47 - [TAB v3.3.0] Something just tried to add player SathvikGamingYT into team PVP-819e9a8e196d (expected team: 3SathvikGamingYA)
14.04.2023 - 10:47:47 - [TAB v3.3.0] Something just tried to add player SathvikGamingYT into team PVP-819e9a8e196d (expected team: 3SathvikGamingYA)
14.04.2023 - 10:47:47 - [TAB v3.3.0] Something just tried to add player Gsesisbest into team PVP-337818546e23 (expected team: :GsesisbestA)
14.04.2023 - 10:50:13 - [TAB v3.3.0] Something just tried to add player SathvikGamingYT into team PVP-819e9a8e196d (expected team: =SathvikGamingYA)
14.04.2023 - 10:50:13 - [TAB v3.3.0] Something just tried to add player Gsesisbest into team PVP-337818546e23 (expected team: :GsesisbestA)
14.04.2023 - 10:50:42 - [TAB v3.3.0] Something just tried to add player SathvikGamingYT into team PVP-819e9a8e196d (expected team: =SathvikGamingYA)
14.04.2023 - 10:52:14 - [TAB v3.3.0] Something just tried to add player SathvikGamingYT into team PVP-819e9a8e196d (expected team: 6SathvikGamingYA)
14.04.2023 - 10:52:14 - [TAB v3.3.0] Something just tried to add player SathvikGamingYT into team PVP-819e9a8e196d (expected team: 6SathvikGamingYA)
14.04.2023 - 10:58:53 - [TAB v3.3.0] Something just tried to add player Gsesisbest into team PVP-337818546e23 (expected team: <GsesisbestA)
14.04.2023 - 10:58:53 - [TAB v3.3.0] Something just tried to add player SathvikGamingYT into team PVP-819e9a8e196d (expected team: 6SathvikGamingYA)
14.04.2023 - 10:59:28 - [TAB v3.3.0] Something just tried to add player Gsesisbest into team PVP-337818546e23 (expected team: <GsesisbestA)
14.04.2023 - 11:04:20 - [TAB v3.3.0] Something just tried to add player SathvikGamingYT into team PVP-819e9a8e196d (expected team: 6SathvikGamingYA)
14.04.2023 - 11:04:38 - [TAB v3.3.0] Something just tried to add player Gsesisbest into team PVP-337818546e23 (expected team: <GsesisbestA)
14.04.2023 - 11:05:26 - [TAB v3.3.0] Something just tried to add player SathvikGamingYT into team PVP-819e9a8e196d (expected team: 6SathvikGamingYA)
14.04.2023 - 13:29:18 - [TAB v3.3.0] Something just tried to add player HyoukaBoii into team PVP-68a2c9305c09 (expected team: <HyoukaBoiiA)
14.04.2023 - 13:29:18 - [TAB v3.3.0] Something just tried to add player HyoukaBoii into team PVP-68a2c9305c09 (expected team: <HyoukaBoiiA)
16.01.2024 - 19:38:50 - [TAB v4.1.2] Something just tried to add player IceHackerPlayz_ into team PVP-948bda904e19 (expected team: <IceHackerPlayzA)
16.01.2024 - 19:38:50 - [TAB v4.1.2] Something just tried to add player Falcon_Pie into team PVP-b883a90099af (expected team: <Falcon_PieA)
16.01.2024 - 19:39:03 - [TAB v4.1.2] Something just tried to add player IceHackerPlayz_ into team PVP-948bda904e19 (expected team: <IceHackerPlayzA)
16.01.2024 - 19:39:30 - [TAB v4.1.2] Something just tried to add player Falcon_Pie into team PVP-b883a90099af (expected team: <Falcon_PieA)
16.01.2024 - 19:39:30 - [TAB v4.1.2] Something just tried to add player IceHackerPlayz_ into team PVP-948bda904e19 (expected team: <IceHackerPlayzA)
16.01.2024 - 19:40:07 - [TAB v4.1.2] Something just tried to add player Falcon_Pie into team PVP-b883a90099af (expected team: <Falcon_PieA)
16.01.2024 - 19:40:16 - [TAB v4.1.2] Something just tried to add player IceHackerPlayz_ into team PVP-948bda904e19 (expected team: <IceHackerPlayzA)
16.01.2024 - 19:40:16 - [TAB v4.1.2] Something just tried to add player IceHackerPlayz_ into team PVP-948bda904e19 (expected team: <IceHackerPlayzA)
16.01.2024 - 19:40:16 - [TAB v4.1.2] Something just tried to add player Falcon_Pie into team PVP-b883a90099af (expected team: <Falcon_PieA)
16.01.2024 - 19:40:40 - [TAB v4.1.2] Something just tried to add player IceHackerPlayz_ into team PVP-948bda904e19 (expected team: <IceHackerPlayzA)
16.01.2024 - 19:40:40 - [TAB v4.1.2] Something just tried to add player IceHackerPlayz_ into team PVP-948bda904e19 (expected team: <IceHackerPlayzA)
16.01.2024 - 19:40:40 - [TAB v4.1.2] Something just tried to add player Falcon_Pie into team PVP-b883a90099af (expected team: <Falcon_PieA)
16.01.2024 - 19:41:19 - [TAB v4.1.2] Something just tried to add player IceHackerPlayz_ into team PVP-948bda904e19 (expected team: <IceHackerPlayzA)
16.01.2024 - 19:41:46 - [TAB v4.1.2] Something just tried to add player Falcon_Pie into team PVP-b883a90099af (expected team: <Falcon_PieA)
16.01.2024 - 19:41:46 - [TAB v4.1.2] Something just tried to add player IceHackerPlayz_ into team PVP-948bda904e19 (expected team: <IceHackerPlayzA)
16.01.2024 - 19:41:53 - [TAB v4.1.2] Something just tried to add player Falcon_Pie into team PVP-b883a90099af (expected team: <Falcon_PieA)
16.01.2024 - 19:41:53 - [TAB v4.1.2] Something just tried to add player IceHackerPlayz_ into team PVP-948bda904e19 (expected team: <IceHackerPlayzA)
16.01.2024 - 19:42:32 - [TAB v4.1.2] Something just tried to add player Falcon_Pie into team PVP-b883a90099af (expected team: <Falcon_PieA)
16.01.2024 - 19:42:32 - [TAB v4.1.2] Something just tried to add player IceHackerPlayz_ into team PVP-948bda904e19 (expected team: <IceHackerPlayzA)
16.01.2024 - 19:42:43 - [TAB v4.1.2] Something just tried to add player Falcon_Pie into team PVP-b883a90099af (expected team: <Falcon_PieA)
16.01.2024 - 19:42:43 - [TAB v4.1.2] Something just tried to add player IceHackerPlayz_ into team PVP-948bda904e19 (expected team: <IceHackerPlayzA)
16.01.2024 - 19:43:07 - [TAB v4.1.2] Something just tried to add player Falcon_Pie into team PVP-b883a90099af (expected team: <Falcon_PieA)
16.01.2024 - 19:43:07 - [TAB v4.1.2] Something just tried to add player IceHackerPlayz_ into team PVP-948bda904e19 (expected team: <IceHackerPlayzA)
16.01.2024 - 19:43:51 - [TAB v4.1.2] Something just tried to add player Falcon_Pie into team PVP-b883a90099af (expected team: <Falcon_PieA)
16.01.2024 - 19:43:51 - [TAB v4.1.2] Something just tried to add player IceHackerPlayz_ into team PVP-948bda904e19 (expected team: <IceHackerPlayzA)
16.01.2024 - 19:44:13 - [TAB v4.1.2] Something just tried to add player Falcon_Pie into team PVP-b883a90099af (expected team: <Falcon_PieA)
16.01.2024 - 19:44:13 - [TAB v4.1.2] Something just tried to add player IceHackerPlayz_ into team PVP-948bda904e19 (expected team: <IceHackerPlayzA)
16.01.2024 - 19:44:24 - [TAB v4.1.2] Something just tried to add player Falcon_Pie into team PVP-b883a90099af (expected team: <Falcon_PieA)
16.01.2024 - 19:44:36 - [TAB v4.1.2] Something just tried to add player IceHackerPlayz_ into team PVP-948bda904e19 (expected team: <IceHackerPlayzA)
16.01.2024 - 19:44:36 - [TAB v4.1.2] Something just tried to add player Falcon_Pie into team PVP-b883a90099af (expected team: <Falcon_PieA)
16.01.2024 - 19:44:47 - [TAB v4.1.2] Something just tried to add player IceHackerPlayz_ into team PVP-948bda904e19 (expected team: <IceHackerPlayzA)
16.01.2024 - 19:44:47 - [TAB v4.1.2] Something just tried to add player Falcon_Pie into team PVP-b883a90099af (expected team: <Falcon_PieA)
16.01.2024 - 19:44:56 - [TAB v4.1.2] Something just tried to add player IceHackerPlayz_ into team PVP-948bda904e19 (expected team: <IceHackerPlayzA)
16.01.2024 - 19:44:56 - [TAB v4.1.2] Something just tried to add player Falcon_Pie into team PVP-b883a90099af (expected team: <Falcon_PieA)
16.01.2024 - 20:30:38 - [TAB v4.1.2] Something just tried to add player NotVikashG into team PVP-d80c6ffc4bf4 (expected team: <NotVikashGA)
16.01.2024 - 20:31:55 - [TAB v4.1.2] Something just tried to add player UN_AASHISH_XD into team PVP-f8cfc4a8104e (expected team: <UN_AASHISH_XDA)
16.01.2024 - 20:35:03 - [TAB v4.1.2] Something just tried to add player IamProJam69 into team PVP-c12e0ab58866 (expected team: <IamProJam69A)
16.01.2024 - 20:35:03 - [TAB v4.1.2] Something just tried to add player IamProJam69 into team PVP-c12e0ab58866 (expected team: <IamProJam69A)
16.01.2024 - 20:35:03 - [TAB v4.1.2] Something just tried to add player UN_AASHISH_XD into team PVP-f8cfc4a8104e (expected team: <UN_AASHISH_XDA)
16.01.2024 - 20:36:49 - [TAB v4.1.2] Something just tried to add player Owner7368 into team PVP-3c8448730fa5 (expected team: <Owner7368A)
16.01.2024 - 20:42:27 - [TAB v4.1.2] Something just tried to add player notsilverleaf into team PVP-20cd60a4fcc3 (expected team: <notsilverleafA)
16.01.2024 - 20:42:27 - [TAB v4.1.2] Something just tried to add player CycoXD_ into team PVP-0d974251242f (expected team: <CycoXD_A)
16.01.2024 - 20:42:48 - [TAB v4.1.2] Something just tried to add player notsilverleaf into team PVP-20cd60a4fcc3 (expected team: <notsilverleafA)
16.01.2024 - 20:43:16 - [TAB v4.1.2] Something just tried to add player CycoXD_ into team PVP-0d974251242f (expected team: <CycoXD_A)
16.01.2024 - 20:43:16 - [TAB v4.1.2] Something just tried to add player notsilverleaf into team PVP-20cd60a4fcc3 (expected team: <notsilverleafA)
16.01.2024 - 20:43:23 - [TAB v4.1.2] Something just tried to add player itz_milu into team PVP-d1c0de726e80 (expected team: <itz_miluA)
16.01.2024 - 20:44:07 - [TAB v4.1.2] Something just tried to add player CycoXD_ into team PVP-0d974251242f (expected team: <CycoXD_A)
16.01.2024 - 20:44:07 - [TAB v4.1.2] Something just tried to add player notsilverleaf into team PVP-20cd60a4fcc3 (expected team: <notsilverleafA)
16.01.2024 - 20:44:51 - [TAB v4.1.2] Something just tried to add player CycoXD_ into team PVP-0d974251242f (expected team: <CycoXD_A)
16.01.2024 - 20:47:15 - [TAB v4.1.2] Something just tried to add player Revenger_Max into team PVP-dcb869246a31 (expected team: <Revenger_MaxA)
16.01.2024 - 20:47:15 - [TAB v4.1.2] Something just tried to add player itz_milu into team PVP-d1c0de726e80 (expected team: <itz_miluA)
16.01.2024 - 20:47:19 - [TAB v4.1.2] Something just tried to add player ManualXD into team PVP-a744be8165e6 (expected team: <ManualXDA)
16.01.2024 - 20:47:32 - [TAB v4.1.2] Something just tried to add player Revenger_Max into team PVP-dcb869246a31 (expected team: <Revenger_MaxA)
16.01.2024 - 20:47:32 - [TAB v4.1.2] Something just tried to add player ManualXD into team PVP-a744be8165e6 (expected team: <ManualXDA)
16.01.2024 - 20:47:53 - [TAB v4.1.2] Something just tried to add player Revenger_Max into team PVP-dcb869246a31 (expected team: <Revenger_MaxA)
16.01.2024 - 20:47:53 - [TAB v4.1.2] Something just tried to add player ManualXD into team PVP-a744be8165e6 (expected team: <ManualXDA)
16.01.2024 - 20:47:54 - [TAB v4.1.2] Something just tried to add player itz_milu into team PVP-d1c0de726e80 (expected team: <itz_miluA)
16.01.2024 - 20:47:54 - [TAB v4.1.2] Something just tried to add player itz_milu into team PVP-d1c0de726e80 (expected team: <itz_miluA)
16.01.2024 - 20:47:59 - [TAB v4.1.2] Something just tried to add player ManualXD into team PVP-a744be8165e6 (expected team: <ManualXDA)
16.01.2024 - 20:48:02 - [TAB v4.1.2] Something just tried to add player itz_milu into team PVP-d1c0de726e80 (expected team: <itz_miluA)
16.01.2024 - 20:48:15 - [TAB v4.1.2] Something just tried to add player ManualXD into team PVP-a744be8165e6 (expected team: <ManualXDA)
16.01.2024 - 20:48:15 - [TAB v4.1.2] Something just tried to add player Revenger_Max into team PVP-dcb869246a31 (expected team: <Revenger_MaxA)
16.01.2024 - 20:48:18 - [TAB v4.1.2] Something just tried to add player itz_milu into team PVP-d1c0de726e80 (expected team: <itz_miluA)
16.01.2024 - 20:48:33 - [TAB v4.1.2] Something just tried to add player ManualXD into team PVP-a744be8165e6 (expected team: <ManualXDA)
16.01.2024 - 20:48:38 - [TAB v4.1.2] Something just tried to add player itz_milu into team PVP-d1c0de726e80 (expected team: <itz_miluA)
16.01.2024 - 20:48:38 - [TAB v4.1.2] Something just tried to add player ManualXD into team PVP-a744be8165e6 (expected team: <ManualXDA)
16.01.2024 - 20:48:52 - [TAB v4.1.2] Something just tried to add player itz_milu into team PVP-d1c0de726e80 (expected team: <itz_miluA)
16.01.2024 - 20:48:52 - [TAB v4.1.2] Something just tried to add player Revenger_Max into team PVP-dcb869246a31 (expected team: <Revenger_MaxA)
16.01.2024 - 20:48:55 - [TAB v4.1.2] Something just tried to add player ManualXD into team PVP-a744be8165e6 (expected team: <ManualXDA)
16.01.2024 - 20:48:55 - [TAB v4.1.2] Something just tried to add player ManualXD into team PVP-a744be8165e6 (expected team: <ManualXDA)
16.01.2024 - 20:48:56 - [TAB v4.1.2] Something just tried to add player Aaruush221 into team PVP-cb0f33fc13a9 (expected team: <Aaruush221A)
16.01.2024 - 20:48:56 - [TAB v4.1.2] Something just tried to add player CycoXD_ into team PVP-0d974251242f (expected team: <CycoXD_A)
16.01.2024 - 20:49:05 - [TAB v4.1.2] Something just tried to add player Aaruush221 into team PVP-cb0f33fc13a9 (expected team: <Aaruush221A)
16.01.2024 - 20:49:05 - [TAB v4.1.2] Something just tried to add player Aaruush221 into team PVP-cb0f33fc13a9 (expected team: <Aaruush221A)
16.01.2024 - 20:49:05 - [TAB v4.1.2] Something just tried to add player CycoXD_ into team PVP-0d974251242f (expected team: <CycoXD_A)
16.01.2024 - 20:49:06 - [TAB v4.1.2] Something just tried to add player ManualXD into team PVP-a744be8165e6 (expected team: <ManualXDA)
16.01.2024 - 20:49:24 - [TAB v4.1.2] Something just tried to add player Aaruush221 into team PVP-cb0f33fc13a9 (expected team: <Aaruush221A)
16.01.2024 - 20:49:24 - [TAB v4.1.2] Something just tried to add player CycoXD_ into team PVP-0d974251242f (expected team: <CycoXD_A)
16.01.2024 - 20:49:24 - [TAB v4.1.2] Something just tried to add player itz_milu into team PVP-d1c0de726e80 (expected team: <itz_miluA)
16.01.2024 - 20:49:24 - [TAB v4.1.2] Something just tried to add player Revenger_Max into team PVP-dcb869246a31 (expected team: <Revenger_MaxA)
16.01.2024 - 20:49:32 - [TAB v4.1.2] Something just tried to add player ManualXD into team PVP-a744be8165e6 (expected team: <ManualXDA)
16.01.2024 - 20:49:42 - [TAB v4.1.2] Something just tried to add player Revenger_Max into team PVP-dcb869246a31 (expected team: <Revenger_MaxA)
16.01.2024 - 20:49:42 - [TAB v4.1.2] Something just tried to add player ManualXD into team PVP-a744be8165e6 (expected team: <ManualXDA)
16.01.2024 - 20:49:42 - [TAB v4.1.2] Something just tried to add player itz_milu into team PVP-d1c0de726e80 (expected team: <itz_miluA)
16.01.2024 - 20:49:45 - [TAB v4.1.2] Something just tried to add player CycoXD_ into team PVP-0d974251242f (expected team: <CycoXD_A)
16.01.2024 - 20:49:45 - [TAB v4.1.2] Something just tried to add player Aaruush221 into team PVP-cb0f33fc13a9 (expected team: <Aaruush221A)
16.01.2024 - 20:49:57 - [TAB v4.1.2] Something just tried to add player Revenger_Max into team PVP-dcb869246a31 (expected team: <Revenger_MaxA)
16.01.2024 - 20:49:57 - [TAB v4.1.2] Something just tried to add player itz_milu into team PVP-d1c0de726e80 (expected team: <itz_miluA)
16.01.2024 - 20:50:01 - [TAB v4.1.2] Something just tried to add player ManualXD into team PVP-a744be8165e6 (expected team: <ManualXDA)
16.01.2024 - 20:50:08 - [TAB v4.1.2] Something just tried to add player itz_milu into team PVP-d1c0de726e80 (expected team: <itz_miluA)
16.01.2024 - 20:50:13 - [TAB v4.1.2] Something just tried to add player ManualXD into team PVP-a744be8165e6 (expected team: <ManualXDA)
16.01.2024 - 20:50:26 - [TAB v4.1.2] Something just tried to add player Revenger_Max into team PVP-dcb869246a31 (expected team: <Revenger_MaxA)
16.01.2024 - 20:50:26 - [TAB v4.1.2] Something just tried to add player ManualXD into team PVP-a744be8165e6 (expected team: <ManualXDA)
16.01.2024 - 20:50:30 - [TAB v4.1.2] Something just tried to add player IceHackerPlayz_ into team PVP-948bda904e19 (expected team: <IceHackerPlayzA)
16.01.2024 - 20:50:30 - [TAB v4.1.2] Something just tried to add player itz_milu into team PVP-d1c0de726e80 (expected team: <itz_miluA)
16.01.2024 - 20:50:38 - [TAB v4.1.2] Something just tried to add player Revenger_Max into team PVP-dcb869246a31 (expected team: <Revenger_MaxA)
16.01.2024 - 20:50:38 - [TAB v4.1.2] Something just tried to add player ManualXD into team PVP-a744be8165e6 (expected team: <ManualXDA)
16.01.2024 - 20:51:24 - [TAB v4.1.2] Something just tried to add player rahomy1 into team PVP-2be478698ebf (expected team: <rahomy1A)
16.01.2024 - 20:51:24 - [TAB v4.1.2] Something just tried to add player Aaruush221 into team PVP-cb0f33fc13a9 (expected team: <Aaruush221A)
16.01.2024 - 20:51:28 - [TAB v4.1.2] Something just tried to add player itz_milu into team PVP-d1c0de726e80 (expected team: <itz_miluA)
16.01.2024 - 20:51:28 - [TAB v4.1.2] Something just tried to add player IceHackerPlayz_ into team PVP-948bda904e19 (expected team: <IceHackerPlayzA)
16.01.2024 - 20:51:39 - [TAB v4.1.2] Something just tried to add player rahomy1 into team PVP-2be478698ebf (expected team: <rahomy1A)
16.01.2024 - 20:51:39 - [TAB v4.1.2] Something just tried to add player Aaruush221 into team PVP-cb0f33fc13a9 (expected team: <Aaruush221A)
16.01.2024 - 20:51:39 - [TAB v4.1.2] Something just tried to add player rahomy1 into team PVP-2be478698ebf (expected team: <rahomy1A)
16.01.2024 - 20:52:20 - [TAB v4.1.2] Something just tried to add player Revenger_Max into team PVP-dcb869246a31 (expected team: <Revenger_MaxA)
16.01.2024 - 20:52:20 - [TAB v4.1.2] Something just tried to add player ManualXD into team PVP-a744be8165e6 (expected team: <ManualXDA)
16.01.2024 - 20:52:20 - [TAB v4.1.2] Something just tried to add player Revenger_Max into team PVP-dcb869246a31 (expected team: <Revenger_MaxA)
16.01.2024 - 20:52:29 - [TAB v4.1.2] Something just tried to add player CycoXD_ into team PVP-0d974251242f (expected team: <CycoXD_A)
16.01.2024 - 20:52:48 - [TAB v4.1.2] Something just tried to add player Revenger_Max into team PVP-dcb869246a31 (expected team: <Revenger_MaxA)
16.01.2024 - 20:52:48 - [TAB v4.1.2] Something just tried to add player CycoXD_ into team PVP-0d974251242f (expected team: <CycoXD_A)
16.01.2024 - 20:52:49 - [TAB v4.1.2] Something just tried to add player ManualXD into team PVP-a744be8165e6 (expected team: <ManualXDA)
16.01.2024 - 20:52:49 - [TAB v4.1.2] Something just tried to add player ManualXD into team PVP-a744be8165e6 (expected team: <ManualXDA)
16.01.2024 - 20:53:01 - [TAB v4.1.2] Something just tried to add player Revenger_Max into team PVP-dcb869246a31 (expected team: <Revenger_MaxA)
16.01.2024 - 20:53:01 - [TAB v4.1.2] Something just tried to add player ManualXD into team PVP-a744be8165e6 (expected team: <ManualXDA)
16.01.2024 - 20:53:33 - [TAB v4.1.2] Something just tried to add player CycoXD_ into team PVP-0d974251242f (expected team: <CycoXD_A)
16.01.2024 - 20:53:33 - [TAB v4.1.2] Something just tried to add player Revenger_Max into team PVP-dcb869246a31 (expected team: <Revenger_MaxA)
16.01.2024 - 20:53:37 - [TAB v4.1.2] Something just tried to add player ManualXD into team PVP-a744be8165e6 (expected team: <ManualXDA)
16.01.2024 - 20:53:54 - [TAB v4.1.2] Something just tried to add player IceHackerPlayz_ into team PVP-948bda904e19 (expected team: <IceHackerPlayzA)
16.01.2024 - 20:53:54 - [TAB v4.1.2] Something just tried to add player itz_milu into team PVP-d1c0de726e80 (expected team: <itz_miluA)
16.01.2024 - 20:54:06 - [TAB v4.1.2] Something just tried to add player IceHackerPlayz_ into team PVP-948bda904e19 (expected team: <IceHackerPlayzA)
16.01.2024 - 20:54:06 - [TAB v4.1.2] Something just tried to add player itz_milu into team PVP-d1c0de726e80 (expected team: <itz_miluA)
16.01.2024 - 20:54:14 - [TAB v4.1.2] Something just tried to add player Revenger_Max into team PVP-dcb869246a31 (expected team: <Revenger_MaxA)
16.01.2024 - 20:54:14 - [TAB v4.1.2] Something just tried to add player ManualXD into team PVP-a744be8165e6 (expected team: <ManualXDA)
16.01.2024 - 20:54:23 - [TAB v4.1.2] Something just tried to add player Revenger_Max into team PVP-dcb869246a31 (expected team: <Revenger_MaxA)
16.01.2024 - 20:54:40 - [TAB v4.1.2] Something just tried to add player ManualXD into team PVP-a744be8165e6 (expected team: <ManualXDA)
16.01.2024 - 20:54:44 - [TAB v4.1.2] Something just tried to add player CharvBetter into team PVP-adbef0e641a4 (expected team: <CharvBetterA)
16.01.2024 - 20:54:44 - [TAB v4.1.2] Something just tried to add player CharvBetter into team PVP-adbef0e641a4 (expected team: <CharvBetterA)
16.01.2024 - 20:54:50 - [TAB v4.1.2] Something just tried to add player ManualXD into team PVP-a744be8165e6 (expected team: <ManualXDA)
16.01.2024 - 20:54:56 - [TAB v4.1.2] Something just tried to add player CharvBetter into team PVP-adbef0e641a4 (expected team: <CharvBetterA)
16.01.2024 - 20:55:06 - [TAB v4.1.2] Something just tried to add player itz_milu into team PVP-d1c0de726e80 (expected team: <itz_miluA)
16.01.2024 - 20:55:06 - [TAB v4.1.2] Something just tried to add player IceHackerPlayz_ into team PVP-948bda904e19 (expected team: <IceHackerPlayzA)
16.01.2024 - 20:55:16 - [TAB v4.1.2] Something just tried to add player CharvBetter into team PVP-adbef0e641a4 (expected team: <CharvBetterA)
16.01.2024 - 20:55:16 - [TAB v4.1.2] Something just tried to add player Revenger_Max into team PVP-dcb869246a31 (expected team: <Revenger_MaxA)
16.01.2024 - 20:55:20 - [TAB v4.1.2] Something just tried to add player ManualXD into team PVP-a744be8165e6 (expected team: <ManualXDA)
16.01.2024 - 20:55:22 - [TAB v4.1.2] Something just tried to add player CharvBetter into team PVP-adbef0e641a4 (expected team: <CharvBetterA)
16.01.2024 - 20:55:43 - [TAB v4.1.2] Something just tried to add player itz_milu into team PVP-d1c0de726e80 (expected team: <itz_miluA)
16.01.2024 - 20:55:43 - [TAB v4.1.2] Something just tried to add player IceHackerPlayz_ into team PVP-948bda904e19 (expected team: <IceHackerPlayzA)
16.01.2024 - 20:55:47 - [TAB v4.1.2] Something just tried to add player CharvBetter into team PVP-adbef0e641a4 (expected team: <CharvBetterA)
16.01.2024 - 20:56:07 - [TAB v4.1.2] Something just tried to add player itz_milu into team PVP-d1c0de726e80 (expected team: <itz_miluA)
16.01.2024 - 20:56:07 - [TAB v4.1.2] Something just tried to add player IceHackerPlayz_ into team PVP-948bda904e19 (expected team: <IceHackerPlayzA)
16.01.2024 - 20:56:21 - [TAB v4.1.2] Something just tried to add player simpleservercopy into team PVP-7f4829d14fb7 (expected team: <simpleservercoA)
16.01.2024 - 20:56:21 - [TAB v4.1.2] Something just tried to add player POJAV_GAMER__XD into team PVP-41f0d43b94b3 (expected team: <POJAV_GAMER__XA)
16.01.2024 - 20:56:22 - [TAB v4.1.2] Something just tried to add player CharvBetter into team PVP-adbef0e641a4 (expected team: <CharvBetterA)
16.01.2024 - 20:56:22 - [TAB v4.1.2] Something just tried to add player Revenger_Max into team PVP-dcb869246a31 (expected team: <Revenger_MaxA)
16.01.2024 - 20:56:28 - [TAB v4.1.2] Something just tried to add player ManualXD into team PVP-a744be8165e6 (expected team: <ManualXDA)
16.01.2024 - 20:56:45 - [TAB v4.1.2] Something just tried to add player IceHackerPlayz_ into team PVP-948bda904e19 (expected team: <IceHackerPlayzA)
16.01.2024 - 20:56:45 - [TAB v4.1.2] Something just tried to add player itz_milu into team PVP-d1c0de726e80 (expected team: <itz_miluA)
16.01.2024 - 20:56:48 - [TAB v4.1.2] Something just tried to add player ManualXD into team PVP-a744be8165e6 (expected team: <ManualXDA)
16.01.2024 - 20:56:48 - [TAB v4.1.2] Something just tried to add player Revenger_Max into team PVP-dcb869246a31 (expected team: <Revenger_MaxA)
16.01.2024 - 20:56:48 - [TAB v4.1.2] Something just tried to add player POJAV_GAMER__XD into team PVP-41f0d43b94b3 (expected team: <POJAV_GAMER__XA)
16.01.2024 - 20:56:48 - [TAB v4.1.2] Something just tried to add player simpleservercopy into team PVP-7f4829d14fb7 (expected team: <simpleservercoA)
16.01.2024 - 20:56:48 - [TAB v4.1.2] Something just tried to add player simpleservercopy into team PVP-7f4829d14fb7 (expected team: <simpleservercoA)
16.01.2024 - 20:57:12 - [TAB v4.1.2] Something just tried to add player IceHackerPlayz_ into team PVP-948bda904e19 (expected team: <IceHackerPlayzA)
16.01.2024 - 20:57:12 - [TAB v4.1.2] Something just tried to add player itz_milu into team PVP-d1c0de726e80 (expected team: <itz_miluA)
16.01.2024 - 20:57:31 - [TAB v4.1.2] Something just tried to add player Revenger_Max into team PVP-dcb869246a31 (expected team: <Revenger_MaxA)
16.01.2024 - 20:57:31 - [TAB v4.1.2] Something just tried to add player ManualXD into team PVP-a744be8165e6 (expected team: <ManualXDA)
16.01.2024 - 20:57:56 - [TAB v4.1.2] Something just tried to add player IceHackerPlayz_ into team PVP-948bda904e19 (expected team: <IceHackerPlayzA)
16.01.2024 - 20:59:35 - [TAB v4.1.2] Something just tried to add player CharvBetter into team PVP-adbef0e641a4 (expected team: <CharvBetterA)
16.01.2024 - 20:59:35 - [TAB v4.1.2] Something just tried to add player itz_milu into team PVP-d1c0de726e80 (expected team: <itz_miluA)
16.01.2024 - 20:59:45 - [TAB v4.1.2] Something just tried to add player IceHackerPlayz_ into team PVP-948bda904e19 (expected team: <IceHackerPlayzA)
16.01.2024 - 20:59:45 - [TAB v4.1.2] Something just tried to add player simpleservercopy into team PVP-7f4829d14fb7 (expected team: <simpleservercoA)
16.01.2024 - 20:59:54 - [TAB v4.1.2] Something just tried to add player IceHackerPlayz_ into team PVP-948bda904e19 (expected team: <IceHackerPlayzA)
16.01.2024 - 20:59:54 - [TAB v4.1.2] Something just tried to add player simpleservercopy into team PVP-7f4829d14fb7 (expected team: <simpleservercoA)
16.01.2024 - 21:00:28 - [TAB v4.1.2] Something just tried to add player POJAV_GAMER__XD into team PVP-41f0d43b94b3 (expected team: <POJAV_GAMER__XA)
16.01.2024 - 21:01:05 - [TAB v4.1.2] Something just tried to add player simpleservercopy into team PVP-7f4829d14fb7 (expected team: <simpleservercoA)
16.01.2024 - 21:01:28 - [TAB v4.1.2] Something just tried to add player Aaruush221 into team PVP-cb0f33fc13a9 (expected team: <Aaruush221A)
16.01.2024 - 21:01:28 - [TAB v4.1.2] Something just tried to add player CharvBetter into team PVP-adbef0e641a4 (expected team: <CharvBetterA)
16.01.2024 - 21:01:41 - [TAB v4.1.2] Something just tried to add player Aaruush221 into team PVP-cb0f33fc13a9 (expected team: <Aaruush221A)
17.01.2024 - 08:40:21 - [TAB v4.1.2] Something just tried to add player SPIDERR_OGG into team PVP-0303bdc5365f (expected team: <SPIDERR_OGGA)
17.01.2024 - 09:46:23 - [TAB v4.1.2] Something just tried to add player _FIGHT_8_NIGHT_ into team PVP-77d587cbcf5a (expected team: <_FIGHT_8_NIGHTA)
17.01.2024 - 09:46:23 - [TAB v4.1.2] Something just tried to add player AbhiPro123N into team PVP-7c0c14ace77c (expected team: <AbhiPro123NA)
17.01.2024 - 09:46:36 - [TAB v4.1.2] Something just tried to add player _FIGHT_8_NIGHT_ into team PVP-77d587cbcf5a (expected team: <_FIGHT_8_NIGHTA)
17.01.2024 - 09:47:09 - [TAB v4.1.2] Something just tried to add player AbhiPro123N into team PVP-7c0c14ace77c (expected team: <AbhiPro123NA)
17.01.2024 - 09:47:22 - [TAB v4.1.2] Something just tried to add player _FIGHT_8_NIGHT_ into team PVP-77d587cbcf5a (expected team: <_FIGHT_8_NIGHTA)
17.01.2024 - 09:47:22 - [TAB v4.1.2] Something just tried to add player AbhiPro123N into team PVP-7c0c14ace77c (expected team: <AbhiPro123NA)
17.01.2024 - 09:47:43 - [TAB v4.1.2] Something just tried to add player _FIGHT_8_NIGHT_ into team PVP-77d587cbcf5a (expected team: <_FIGHT_8_NIGHTA)
17.01.2024 - 09:47:43 - [TAB v4.1.2] Something just tried to add player AbhiPro123N into team PVP-7c0c14ace77c (expected team: <AbhiPro123NA)
17.01.2024 - 09:48:02 - [TAB v4.1.2] Something just tried to add player _FIGHT_8_NIGHT_ into team PVP-77d587cbcf5a (expected team: <_FIGHT_8_NIGHTA)
17.01.2024 - 09:48:02 - [TAB v4.1.2] Something just tried to add player AbhiPro123N into team PVP-7c0c14ace77c (expected team: <AbhiPro123NA)
17.01.2024 - 09:49:00 - [TAB v4.1.2] Something just tried to add player _FIGHT_8_NIGHT_ into team PVP-77d587cbcf5a (expected team: <_FIGHT_8_NIGHTA)
17.01.2024 - 09:49:00 - [TAB v4.1.2] Something just tried to add player AbhiPro123N into team PVP-7c0c14ace77c (expected team: <AbhiPro123NA)
17.01.2024 - 09:49:47 - [TAB v4.1.2] Something just tried to add player _FIGHT_8_NIGHT_ into team PVP-77d587cbcf5a (expected team: <_FIGHT_8_NIGHTA)
17.01.2024 - 09:49:47 - [TAB v4.1.2] Something just tried to add player AbhiPro123N into team PVP-7c0c14ace77c (expected team: <AbhiPro123NA)
17.01.2024 - 09:50:03 - [TAB v4.1.2] Something just tried to add player _FIGHT_8_NIGHT_ into team PVP-77d587cbcf5a (expected team: <_FIGHT_8_NIGHTA)
17.01.2024 - 09:50:45 - [TAB v4.1.2] Something just tried to add player AbhiPro123N into team PVP-7c0c14ace77c (expected team: <AbhiPro123NA)
17.01.2024 - 09:51:25 - [TAB v4.1.2] Something just tried to add player _FIGHT_8_NIGHT_ into team PVP-77d587cbcf5a (expected team: <_FIGHT_8_NIGHTA)
17.01.2024 - 09:51:25 - [TAB v4.1.2] Something just tried to add player AbhiPro123N into team PVP-7c0c14ace77c (expected team: <AbhiPro123NA)
17.01.2024 - 09:51:39 - [TAB v4.1.2] Something just tried to add player _FIGHT_8_NIGHT_ into team PVP-77d587cbcf5a (expected team: <_FIGHT_8_NIGHTA)
17.01.2024 - 09:53:05 - [TAB v4.1.2] Something just tried to add player AbhiPro123N into team PVP-7c0c14ace77c (expected team: <AbhiPro123NA)
17.01.2024 - 09:53:05 - [TAB v4.1.2] Something just tried to add player _FIGHT_8_NIGHT_ into team PVP-77d587cbcf5a (expected team: <_FIGHT_8_NIGHTA)
17.01.2024 - 09:54:53 - [TAB v4.1.2] Something just tried to add player AbhiPro123N into team PVP-7c0c14ace77c (expected team: <AbhiPro123NA)
17.01.2024 - 09:54:53 - [TAB v4.1.2] Something just tried to add player _FIGHT_8_NIGHT_ into team PVP-77d587cbcf5a (expected team: <_FIGHT_8_NIGHTA)
17.01.2024 - 09:55:18 - [TAB v4.1.2] Something just tried to add player AbhiPro123N into team PVP-7c0c14ace77c (expected team: <AbhiPro123NA)
17.01.2024 - 09:55:18 - [TAB v4.1.2] Something just tried to add player _FIGHT_8_NIGHT_ into team PVP-77d587cbcf5a (expected team: <_FIGHT_8_NIGHTA)
17.01.2024 - 09:55:27 - [TAB v4.1.2] Something just tried to add player AbhiPro123N into team PVP-7c0c14ace77c (expected team: <AbhiPro123NA)
17.01.2024 - 09:55:40 - [TAB v4.1.2] Something just tried to add player _FIGHT_8_NIGHT_ into team PVP-77d587cbcf5a (expected team: <_FIGHT_8_NIGHTA)
17.01.2024 - 09:55:48 - [TAB v4.1.2] Something just tried to add player AbhiPro123N into team PVP-7c0c14ace77c (expected team: <AbhiPro123NA)
17.01.2024 - 09:55:48 - [TAB v4.1.2] Something just tried to add player _FIGHT_8_NIGHT_ into team PVP-77d587cbcf5a (expected team: <_FIGHT_8_NIGHTA)
17.01.2024 - 09:56:03 - [TAB v4.1.2] Something just tried to add player AbhiPro123N into team PVP-7c0c14ace77c (expected team: <AbhiPro123NA)
17.01.2024 - 09:56:53 - [TAB v4.1.2] Something just tried to add player _FIGHT_8_NIGHT_ into team PVP-77d587cbcf5a (expected team: <_FIGHT_8_NIGHTA)
17.01.2024 - 09:57:27 - [TAB v4.1.2] Something just tried to add player AbhiPro123N into team PVP-7c0c14ace77c (expected team: <AbhiPro123NA)
17.01.2024 - 09:57:37 - [TAB v4.1.2] Something just tried to add player _FIGHT_8_NIGHT_ into team PVP-77d587cbcf5a (expected team: <_FIGHT_8_NIGHTA)
17.01.2024 - 09:57:37 - [TAB v4.1.2] Something just tried to add player AbhiPro123N into team PVP-7c0c14ace77c (expected team: <AbhiPro123NA)
17.01.2024 - 09:58:04 - [TAB v4.1.2] Something just tried to add player _FIGHT_8_NIGHT_ into team PVP-77d587cbcf5a (expected team: <_FIGHT_8_NIGHTA)
17.01.2024 - 09:58:31 - [TAB v4.1.2] Something just tried to add player AbhiPro123N into team PVP-7c0c14ace77c (expected team: <AbhiPro123NA)
17.01.2024 - 09:58:31 - [TAB v4.1.2] Something just tried to add player _FIGHT_8_NIGHT_ into team PVP-77d587cbcf5a (expected team: <_FIGHT_8_NIGHTA)
17.01.2024 - 09:58:39 - [TAB v4.1.2] Something just tried to add player AbhiPro123N into team PVP-7c0c14ace77c (expected team: <AbhiPro123NA)
17.01.2024 - 09:59:22 - [TAB v4.1.2] Something just tried to add player _FIGHT_8_NIGHT_ into team PVP-77d587cbcf5a (expected team: <_FIGHT_8_NIGHTA)
17.01.2024 - 09:59:22 - [TAB v4.1.2] Something just tried to add player AbhiPro123N into team PVP-7c0c14ace77c (expected team: <AbhiPro123NA)
17.01.2024 - 09:59:53 - [TAB v4.1.2] Something just tried to add player _FIGHT_8_NIGHT_ into team PVP-77d587cbcf5a (expected team: <_FIGHT_8_NIGHTA)
17.01.2024 - 10:00:08 - [TAB v4.1.2] Something just tried to add player AbhiPro123N into team PVP-7c0c14ace77c (expected team: <AbhiPro123NA)
17.01.2024 - 10:00:08 - [TAB v4.1.2] Something just tried to add player _FIGHT_8_NIGHT_ into team PVP-77d587cbcf5a (expected team: <_FIGHT_8_NIGHTA)
17.01.2024 - 10:00:14 - [TAB v4.1.2] Something just tried to add player AbhiPro123N into team PVP-7c0c14ace77c (expected team: <AbhiPro123NA)
17.01.2024 - 10:00:14 - [TAB v4.1.2] Something just tried to add player _FIGHT_8_NIGHT_ into team PVP-77d587cbcf5a (expected team: <_FIGHT_8_NIGHTA)
17.01.2024 - 10:00:22 - [TAB v4.1.2] Something just tried to add player AbhiPro123N into team PVP-7c0c14ace77c (expected team: <AbhiPro123NA)
17.01.2024 - 10:02:13 - [TAB v4.1.2] Something just tried to add player _FIGHT_8_NIGHT_ into team PVP-77d587cbcf5a (expected team: <_FIGHT_8_NIGHTA)
17.01.2024 - 10:02:34 - [TAB v4.1.2] Something just tried to add player AbhiPro123N into team PVP-7c0c14ace77c (expected team: <AbhiPro123NA)
17.01.2024 - 10:03:05 - [TAB v4.1.2] Something just tried to add player _FIGHT_8_NIGHT_ into team PVP-77d587cbcf5a (expected team: <_FIGHT_8_NIGHTA)
17.01.2024 - 10:03:05 - [TAB v4.1.2] Something just tried to add player AbhiPro123N into team PVP-7c0c14ace77c (expected team: <AbhiPro123NA)
17.01.2024 - 10:03:18 - [TAB v4.1.2] Something just tried to add player _FIGHT_8_NIGHT_ into team PVP-77d587cbcf5a (expected team: <_FIGHT_8_NIGHTA)
