06.04.2023 - 13:21:28 - [TAB v3.3.0] Failed to enable. Did you just invent a new way to break the plugin by misconfiguring it?
06.04.2023 - 13:21:28 - java.lang.ArrayIndexOutOfBoundsException: Index 0 out of bounds for length 0
06.04.2023 - 13:21:28 - 	at TAB.v3.3.0.jar//me.neznamy.tab.libs.yamlassist.types.BadIndentation.checkForIndent(BadIndentation.java:30)
06.04.2023 - 13:21:28 - 	at TAB.v3.3.0.jar//me.neznamy.tab.libs.yamlassist.types.BadIndentation.getSuggestions(BadIndentation.java:17)
06.04.2023 - 13:21:28 - 	at TAB.v3.3.0.jar//me.neznamy.tab.libs.yamlassist.YamlAssist.getSuggestions(YamlAssist.java:63)
06.04.2023 - 13:21:28 - 	at TAB.v3.3.0.jar//me.neznamy.tab.api.config.YamlConfigurationFile.<init>(YamlConfigurationFile.java:66)
06.04.2023 - 13:21:28 - 	at TAB.v3.3.0.jar//me.neznamy.tab.shared.config.Configs.<init>(Configs.java:26)
06.04.2023 - 13:21:28 - 	at TAB.v3.3.0.jar//me.neznamy.tab.shared.TAB.load(TAB.java:146)
06.04.2023 - 13:21:28 - 	at TAB.v3.3.0.jar//me.neznamy.tab.shared.command.ReloadCommand.execute(ReloadCommand.java:22)
06.04.2023 - 13:21:28 - 	at TAB.v3.3.0.jar//me.neznamy.tab.shared.command.TabCommand.execute(TabCommand.java:55)
06.04.2023 - 13:21:28 - 	at TAB.v3.3.0.jar//me.neznamy.tab.platforms.bukkit.BukkitTAB$TABCommand.onCommand(BukkitTAB.java:127)
06.04.2023 - 13:21:28 - 	at org.bukkit.command.PluginCommand.execute(PluginCommand.java:45)
06.04.2023 - 13:21:28 - 	at org.bukkit.command.SimpleCommandMap.dispatch(SimpleCommandMap.java:155)
06.04.2023 - 13:21:28 - 	at org.bukkit.craftbukkit.v1_19_R1.CraftServer.dispatchCommand(CraftServer.java:916)
06.04.2023 - 13:21:28 - 	at org.bukkit.craftbukkit.v1_19_R1.command.BukkitCommandWrapper.run(BukkitCommandWrapper.java:64)
06.04.2023 - 13:21:28 - 	at com.mojang.brigadier.CommandDispatcher.execute(CommandDispatcher.java:264)
06.04.2023 - 13:21:28 - 	at net.minecraft.commands.CommandDispatcher.performCommand(CommandDispatcher.java:305)
06.04.2023 - 13:21:28 - 	at net.minecraft.commands.CommandDispatcher.a(CommandDispatcher.java:289)
06.04.2023 - 13:21:28 - 	at net.minecraft.server.network.PlayerConnection.b(PlayerConnection.java:2294)
06.04.2023 - 13:21:28 - 	at net.minecraft.server.network.PlayerConnection.lambda$handleChatCommand$20(PlayerConnection.java:2248)
06.04.2023 - 13:21:28 - 	at net.minecraft.util.thread.IAsyncTaskHandler.b(IAsyncTaskHandler.java:59)
06.04.2023 - 13:21:28 - 	at java.base/java.util.concurrent.CompletableFuture$AsyncSupply.run(CompletableFuture.java:1768)
06.04.2023 - 13:21:28 - 	at net.minecraft.server.TickTask.run(TickTask.java:18)
06.04.2023 - 13:21:28 - 	at net.minecraft.util.thread.IAsyncTaskHandler.d(IAsyncTaskHandler.java:153)
06.04.2023 - 13:21:28 - 	at net.minecraft.util.thread.IAsyncTaskHandlerReentrant.d(IAsyncTaskHandlerReentrant.java:24)
06.04.2023 - 13:21:28 - 	at net.minecraft.server.MinecraftServer.b(MinecraftServer.java:1341)
06.04.2023 - 13:21:28 - 	at net.minecraft.server.MinecraftServer.d(MinecraftServer.java:185)
06.04.2023 - 13:21:28 - 	at net.minecraft.util.thread.IAsyncTaskHandler.x(IAsyncTaskHandler.java:126)
06.04.2023 - 13:21:28 - 	at net.minecraft.server.MinecraftServer.bh(MinecraftServer.java:1318)
06.04.2023 - 13:21:28 - 	at net.minecraft.server.MinecraftServer.x(MinecraftServer.java:1311)
06.04.2023 - 13:21:28 - 	at net.minecraft.util.thread.IAsyncTaskHandler.c(IAsyncTaskHandler.java:136)
06.04.2023 - 13:21:28 - 	at net.minecraft.server.MinecraftServer.w(MinecraftServer.java:1289)
06.04.2023 - 13:21:28 - 	at net.minecraft.server.MinecraftServer.v(MinecraftServer.java:1177)
06.04.2023 - 13:21:28 - 	at net.minecraft.server.MinecraftServer.lambda$spin$0(MinecraftServer.java:305)
06.04.2023 - 13:21:28 - 	at java.base/java.lang.Thread.run(Thread.java:833)
06.04.2023 - 13:21:30 - [TAB v3.3.0] Failed to enable. Did you just invent a new way to break the plugin by misconfiguring it?
06.04.2023 - 13:21:30 - java.lang.ArrayIndexOutOfBoundsException: Index 0 out of bounds for length 0
06.04.2023 - 13:21:30 - 	at TAB.v3.3.0.jar//me.neznamy.tab.libs.yamlassist.types.BadIndentation.checkForIndent(BadIndentation.java:30)
06.04.2023 - 13:21:30 - 	at TAB.v3.3.0.jar//me.neznamy.tab.libs.yamlassist.types.BadIndentation.getSuggestions(BadIndentation.java:17)
06.04.2023 - 13:21:30 - 	at TAB.v3.3.0.jar//me.neznamy.tab.libs.yamlassist.YamlAssist.getSuggestions(YamlAssist.java:63)
06.04.2023 - 13:21:30 - 	at TAB.v3.3.0.jar//me.neznamy.tab.api.config.YamlConfigurationFile.<init>(YamlConfigurationFile.java:66)
06.04.2023 - 13:21:30 - 	at TAB.v3.3.0.jar//me.neznamy.tab.shared.config.Configs.<init>(Configs.java:26)
06.04.2023 - 13:21:30 - 	at TAB.v3.3.0.jar//me.neznamy.tab.shared.TAB.load(TAB.java:146)
06.04.2023 - 13:21:30 - 	at TAB.v3.3.0.jar//me.neznamy.tab.shared.command.DisabledCommand.execute(DisabledCommand.java:29)
06.04.2023 - 13:21:30 - 	at TAB.v3.3.0.jar//me.neznamy.tab.platforms.bukkit.BukkitTAB$TABCommand.onCommand(BukkitTAB.java:118)
06.04.2023 - 13:21:30 - 	at org.bukkit.command.PluginCommand.execute(PluginCommand.java:45)
06.04.2023 - 13:21:30 - 	at org.bukkit.command.SimpleCommandMap.dispatch(SimpleCommandMap.java:155)
06.04.2023 - 13:21:30 - 	at org.bukkit.craftbukkit.v1_19_R1.CraftServer.dispatchCommand(CraftServer.java:916)
06.04.2023 - 13:21:30 - 	at org.bukkit.craftbukkit.v1_19_R1.command.BukkitCommandWrapper.run(BukkitCommandWrapper.java:64)
06.04.2023 - 13:21:30 - 	at com.mojang.brigadier.CommandDispatcher.execute(CommandDispatcher.java:264)
06.04.2023 - 13:21:30 - 	at net.minecraft.commands.CommandDispatcher.performCommand(CommandDispatcher.java:305)
06.04.2023 - 13:21:30 - 	at net.minecraft.commands.CommandDispatcher.a(CommandDispatcher.java:289)
06.04.2023 - 13:21:30 - 	at net.minecraft.server.network.PlayerConnection.b(PlayerConnection.java:2294)
06.04.2023 - 13:21:30 - 	at net.minecraft.server.network.PlayerConnection.lambda$handleChatCommand$20(PlayerConnection.java:2248)
06.04.2023 - 13:21:30 - 	at net.minecraft.util.thread.IAsyncTaskHandler.b(IAsyncTaskHandler.java:59)
06.04.2023 - 13:21:30 - 	at java.base/java.util.concurrent.CompletableFuture$AsyncSupply.run(CompletableFuture.java:1768)
06.04.2023 - 13:21:30 - 	at net.minecraft.server.TickTask.run(TickTask.java:18)
06.04.2023 - 13:21:30 - 	at net.minecraft.util.thread.IAsyncTaskHandler.d(IAsyncTaskHandler.java:153)
06.04.2023 - 13:21:30 - 	at net.minecraft.util.thread.IAsyncTaskHandlerReentrant.d(IAsyncTaskHandlerReentrant.java:24)
06.04.2023 - 13:21:30 - 	at net.minecraft.server.MinecraftServer.b(MinecraftServer.java:1341)
06.04.2023 - 13:21:30 - 	at net.minecraft.server.MinecraftServer.d(MinecraftServer.java:185)
06.04.2023 - 13:21:30 - 	at net.minecraft.util.thread.IAsyncTaskHandler.x(IAsyncTaskHandler.java:126)
06.04.2023 - 13:21:30 - 	at net.minecraft.server.MinecraftServer.bh(MinecraftServer.java:1318)
06.04.2023 - 13:21:30 - 	at net.minecraft.server.MinecraftServer.x(MinecraftServer.java:1311)
06.04.2023 - 13:21:30 - 	at net.minecraft.util.thread.IAsyncTaskHandler.c(IAsyncTaskHandler.java:136)
06.04.2023 - 13:21:30 - 	at net.minecraft.server.MinecraftServer.w(MinecraftServer.java:1289)
06.04.2023 - 13:21:30 - 	at net.minecraft.server.MinecraftServer.v(MinecraftServer.java:1177)
06.04.2023 - 13:21:30 - 	at net.minecraft.server.MinecraftServer.lambda$spin$0(MinecraftServer.java:305)
06.04.2023 - 13:21:30 - 	at java.base/java.lang.Thread.run(Thread.java:833)
09.04.2023 - 11:17:40 - [TAB v3.3.0] Failed to enable. Did you just invent a new way to break the plugin by misconfiguring it?
09.04.2023 - 11:17:40 - java.lang.ArrayIndexOutOfBoundsException: Index 0 out of bounds for length 0
09.04.2023 - 11:17:40 - 	at TAB.v3.3.0.jar//me.neznamy.tab.libs.yamlassist.types.BadIndentation.checkForIndent(BadIndentation.java:30)
09.04.2023 - 11:17:40 - 	at TAB.v3.3.0.jar//me.neznamy.tab.libs.yamlassist.types.BadIndentation.getSuggestions(BadIndentation.java:17)
09.04.2023 - 11:17:40 - 	at TAB.v3.3.0.jar//me.neznamy.tab.libs.yamlassist.YamlAssist.getSuggestions(YamlAssist.java:63)
09.04.2023 - 11:17:40 - 	at TAB.v3.3.0.jar//me.neznamy.tab.api.config.YamlConfigurationFile.<init>(YamlConfigurationFile.java:66)
09.04.2023 - 11:17:40 - 	at TAB.v3.3.0.jar//me.neznamy.tab.shared.config.Configs.<init>(Configs.java:26)
09.04.2023 - 11:17:40 - 	at TAB.v3.3.0.jar//me.neznamy.tab.shared.TAB.load(TAB.java:146)
09.04.2023 - 11:17:40 - 	at TAB.v3.3.0.jar//me.neznamy.tab.shared.command.ReloadCommand.execute(ReloadCommand.java:22)
09.04.2023 - 11:17:40 - 	at TAB.v3.3.0.jar//me.neznamy.tab.shared.command.TabCommand.execute(TabCommand.java:55)
09.04.2023 - 11:17:40 - 	at TAB.v3.3.0.jar//me.neznamy.tab.platforms.bukkit.BukkitTAB$TABCommand.onCommand(BukkitTAB.java:127)
09.04.2023 - 11:17:40 - 	at org.bukkit.command.PluginCommand.execute(PluginCommand.java:45)
09.04.2023 - 11:17:40 - 	at org.bukkit.command.SimpleCommandMap.dispatch(SimpleCommandMap.java:155)
09.04.2023 - 11:17:40 - 	at org.bukkit.craftbukkit.v1_19_R1.CraftServer.dispatchCommand(CraftServer.java:916)
09.04.2023 - 11:17:40 - 	at org.bukkit.craftbukkit.v1_19_R1.command.BukkitCommandWrapper.run(BukkitCommandWrapper.java:64)
09.04.2023 - 11:17:40 - 	at com.mojang.brigadier.CommandDispatcher.execute(CommandDispatcher.java:264)
09.04.2023 - 11:17:40 - 	at net.minecraft.commands.CommandDispatcher.performCommand(CommandDispatcher.java:305)
09.04.2023 - 11:17:40 - 	at net.minecraft.commands.CommandDispatcher.a(CommandDispatcher.java:289)
09.04.2023 - 11:17:40 - 	at net.minecraft.server.network.PlayerConnection.b(PlayerConnection.java:2294)
09.04.2023 - 11:17:40 - 	at net.minecraft.server.network.PlayerConnection.lambda$handleChatCommand$20(PlayerConnection.java:2248)
09.04.2023 - 11:17:40 - 	at net.minecraft.util.thread.IAsyncTaskHandler.b(IAsyncTaskHandler.java:59)
09.04.2023 - 11:17:40 - 	at java.base/java.util.concurrent.CompletableFuture$AsyncSupply.run(CompletableFuture.java:1768)
09.04.2023 - 11:17:40 - 	at net.minecraft.server.TickTask.run(TickTask.java:18)
09.04.2023 - 11:17:40 - 	at net.minecraft.util.thread.IAsyncTaskHandler.d(IAsyncTaskHandler.java:153)
09.04.2023 - 11:17:40 - 	at net.minecraft.util.thread.IAsyncTaskHandlerReentrant.d(IAsyncTaskHandlerReentrant.java:24)
09.04.2023 - 11:17:40 - 	at net.minecraft.server.MinecraftServer.b(MinecraftServer.java:1341)
09.04.2023 - 11:17:40 - 	at net.minecraft.server.MinecraftServer.d(MinecraftServer.java:185)
09.04.2023 - 11:17:40 - 	at net.minecraft.util.thread.IAsyncTaskHandler.x(IAsyncTaskHandler.java:126)
09.04.2023 - 11:17:40 - 	at net.minecraft.server.MinecraftServer.bh(MinecraftServer.java:1318)
09.04.2023 - 11:17:40 - 	at net.minecraft.server.MinecraftServer.x(MinecraftServer.java:1311)
09.04.2023 - 11:17:40 - 	at net.minecraft.util.thread.IAsyncTaskHandler.c(IAsyncTaskHandler.java:136)
09.04.2023 - 11:17:40 - 	at net.minecraft.server.MinecraftServer.w(MinecraftServer.java:1289)
09.04.2023 - 11:17:40 - 	at net.minecraft.server.MinecraftServer.v(MinecraftServer.java:1177)
09.04.2023 - 11:17:40 - 	at net.minecraft.server.MinecraftServer.lambda$spin$0(MinecraftServer.java:305)
09.04.2023 - 11:17:40 - 	at java.base/java.lang.Thread.run(Thread.java:833)
09.04.2023 - 11:17:52 - [TAB v3.3.0] Failed to enable. Did you just invent a new way to break the plugin by misconfiguring it?
09.04.2023 - 11:17:52 - java.lang.ArrayIndexOutOfBoundsException: Index 0 out of bounds for length 0
09.04.2023 - 11:17:52 - 	at TAB.v3.3.0.jar//me.neznamy.tab.libs.yamlassist.types.BadIndentation.checkForIndent(BadIndentation.java:30)
09.04.2023 - 11:17:52 - 	at TAB.v3.3.0.jar//me.neznamy.tab.libs.yamlassist.types.BadIndentation.getSuggestions(BadIndentation.java:17)
09.04.2023 - 11:17:52 - 	at TAB.v3.3.0.jar//me.neznamy.tab.libs.yamlassist.YamlAssist.getSuggestions(YamlAssist.java:63)
09.04.2023 - 11:17:52 - 	at TAB.v3.3.0.jar//me.neznamy.tab.api.config.YamlConfigurationFile.<init>(YamlConfigurationFile.java:66)
09.04.2023 - 11:17:52 - 	at TAB.v3.3.0.jar//me.neznamy.tab.shared.config.Configs.<init>(Configs.java:26)
09.04.2023 - 11:17:52 - 	at TAB.v3.3.0.jar//me.neznamy.tab.shared.TAB.load(TAB.java:146)
09.04.2023 - 11:17:52 - 	at TAB.v3.3.0.jar//me.neznamy.tab.shared.command.DisabledCommand.execute(DisabledCommand.java:29)
09.04.2023 - 11:17:52 - 	at TAB.v3.3.0.jar//me.neznamy.tab.platforms.bukkit.BukkitTAB$TABCommand.onCommand(BukkitTAB.java:118)
09.04.2023 - 11:17:52 - 	at org.bukkit.command.PluginCommand.execute(PluginCommand.java:45)
09.04.2023 - 11:17:52 - 	at org.bukkit.command.SimpleCommandMap.dispatch(SimpleCommandMap.java:155)
09.04.2023 - 11:17:52 - 	at org.bukkit.craftbukkit.v1_19_R1.CraftServer.dispatchCommand(CraftServer.java:916)
09.04.2023 - 11:17:52 - 	at org.bukkit.craftbukkit.v1_19_R1.command.BukkitCommandWrapper.run(BukkitCommandWrapper.java:64)
09.04.2023 - 11:17:52 - 	at com.mojang.brigadier.CommandDispatcher.execute(CommandDispatcher.java:264)
09.04.2023 - 11:17:52 - 	at net.minecraft.commands.CommandDispatcher.performCommand(CommandDispatcher.java:305)
09.04.2023 - 11:17:52 - 	at net.minecraft.commands.CommandDispatcher.a(CommandDispatcher.java:289)
09.04.2023 - 11:17:52 - 	at net.minecraft.server.network.PlayerConnection.b(PlayerConnection.java:2294)
09.04.2023 - 11:17:52 - 	at net.minecraft.server.network.PlayerConnection.lambda$handleChatCommand$20(PlayerConnection.java:2248)
09.04.2023 - 11:17:52 - 	at net.minecraft.util.thread.IAsyncTaskHandler.b(IAsyncTaskHandler.java:59)
09.04.2023 - 11:17:52 - 	at java.base/java.util.concurrent.CompletableFuture$AsyncSupply.run(CompletableFuture.java:1768)
09.04.2023 - 11:17:52 - 	at net.minecraft.server.TickTask.run(TickTask.java:18)
09.04.2023 - 11:17:52 - 	at net.minecraft.util.thread.IAsyncTaskHandler.d(IAsyncTaskHandler.java:153)
09.04.2023 - 11:17:52 - 	at net.minecraft.util.thread.IAsyncTaskHandlerReentrant.d(IAsyncTaskHandlerReentrant.java:24)
09.04.2023 - 11:17:52 - 	at net.minecraft.server.MinecraftServer.b(MinecraftServer.java:1341)
09.04.2023 - 11:17:52 - 	at net.minecraft.server.MinecraftServer.d(MinecraftServer.java:185)
09.04.2023 - 11:17:52 - 	at net.minecraft.util.thread.IAsyncTaskHandler.x(IAsyncTaskHandler.java:126)
09.04.2023 - 11:17:52 - 	at net.minecraft.server.MinecraftServer.bh(MinecraftServer.java:1318)
09.04.2023 - 11:17:52 - 	at net.minecraft.server.MinecraftServer.x(MinecraftServer.java:1311)
09.04.2023 - 11:17:52 - 	at net.minecraft.util.thread.IAsyncTaskHandler.c(IAsyncTaskHandler.java:136)
09.04.2023 - 11:17:52 - 	at net.minecraft.server.MinecraftServer.w(MinecraftServer.java:1289)
09.04.2023 - 11:17:52 - 	at net.minecraft.server.MinecraftServer.v(MinecraftServer.java:1177)
09.04.2023 - 11:17:52 - 	at net.minecraft.server.MinecraftServer.lambda$spin$0(MinecraftServer.java:305)
09.04.2023 - 11:17:52 - 	at java.base/java.lang.Thread.run(Thread.java:833)
09.04.2023 - 11:17:53 - [TAB v3.3.0] Failed to enable. Did you just invent a new way to break the plugin by misconfiguring it?
09.04.2023 - 11:17:53 - java.lang.ArrayIndexOutOfBoundsException: Index 0 out of bounds for length 0
09.04.2023 - 11:17:53 - 	at TAB.v3.3.0.jar//me.neznamy.tab.libs.yamlassist.types.BadIndentation.checkForIndent(BadIndentation.java:30)
09.04.2023 - 11:17:53 - 	at TAB.v3.3.0.jar//me.neznamy.tab.libs.yamlassist.types.BadIndentation.getSuggestions(BadIndentation.java:17)
09.04.2023 - 11:17:53 - 	at TAB.v3.3.0.jar//me.neznamy.tab.libs.yamlassist.YamlAssist.getSuggestions(YamlAssist.java:63)
09.04.2023 - 11:17:53 - 	at TAB.v3.3.0.jar//me.neznamy.tab.api.config.YamlConfigurationFile.<init>(YamlConfigurationFile.java:66)
09.04.2023 - 11:17:53 - 	at TAB.v3.3.0.jar//me.neznamy.tab.shared.config.Configs.<init>(Configs.java:26)
09.04.2023 - 11:17:53 - 	at TAB.v3.3.0.jar//me.neznamy.tab.shared.TAB.load(TAB.java:146)
09.04.2023 - 11:17:53 - 	at TAB.v3.3.0.jar//me.neznamy.tab.shared.command.DisabledCommand.execute(DisabledCommand.java:29)
09.04.2023 - 11:17:53 - 	at TAB.v3.3.0.jar//me.neznamy.tab.platforms.bukkit.BukkitTAB$TABCommand.onCommand(BukkitTAB.java:118)
09.04.2023 - 11:17:53 - 	at org.bukkit.command.PluginCommand.execute(PluginCommand.java:45)
09.04.2023 - 11:17:53 - 	at org.bukkit.command.SimpleCommandMap.dispatch(SimpleCommandMap.java:155)
09.04.2023 - 11:17:53 - 	at org.bukkit.craftbukkit.v1_19_R1.CraftServer.dispatchCommand(CraftServer.java:916)
09.04.2023 - 11:17:53 - 	at org.bukkit.craftbukkit.v1_19_R1.command.BukkitCommandWrapper.run(BukkitCommandWrapper.java:64)
09.04.2023 - 11:17:53 - 	at com.mojang.brigadier.CommandDispatcher.execute(CommandDispatcher.java:264)
09.04.2023 - 11:17:53 - 	at net.minecraft.commands.CommandDispatcher.performCommand(CommandDispatcher.java:305)
09.04.2023 - 11:17:53 - 	at net.minecraft.commands.CommandDispatcher.a(CommandDispatcher.java:289)
09.04.2023 - 11:17:53 - 	at net.minecraft.server.network.PlayerConnection.b(PlayerConnection.java:2294)
09.04.2023 - 11:17:53 - 	at net.minecraft.server.network.PlayerConnection.lambda$handleChatCommand$20(PlayerConnection.java:2248)
09.04.2023 - 11:17:53 - 	at net.minecraft.util.thread.IAsyncTaskHandler.b(IAsyncTaskHandler.java:59)
09.04.2023 - 11:17:53 - 	at java.base/java.util.concurrent.CompletableFuture$AsyncSupply.run(CompletableFuture.java:1768)
09.04.2023 - 11:17:53 - 	at net.minecraft.server.TickTask.run(TickTask.java:18)
09.04.2023 - 11:17:53 - 	at net.minecraft.util.thread.IAsyncTaskHandler.d(IAsyncTaskHandler.java:153)
09.04.2023 - 11:17:53 - 	at net.minecraft.util.thread.IAsyncTaskHandlerReentrant.d(IAsyncTaskHandlerReentrant.java:24)
09.04.2023 - 11:17:53 - 	at net.minecraft.server.MinecraftServer.b(MinecraftServer.java:1341)
09.04.2023 - 11:17:53 - 	at net.minecraft.server.MinecraftServer.d(MinecraftServer.java:185)
09.04.2023 - 11:17:53 - 	at net.minecraft.util.thread.IAsyncTaskHandler.x(IAsyncTaskHandler.java:126)
09.04.2023 - 11:17:53 - 	at net.minecraft.server.MinecraftServer.bh(MinecraftServer.java:1318)
09.04.2023 - 11:17:53 - 	at net.minecraft.server.MinecraftServer.x(MinecraftServer.java:1311)
09.04.2023 - 11:17:53 - 	at net.minecraft.util.thread.IAsyncTaskHandler.c(IAsyncTaskHandler.java:136)
09.04.2023 - 11:17:53 - 	at net.minecraft.server.MinecraftServer.w(MinecraftServer.java:1289)
09.04.2023 - 11:17:53 - 	at net.minecraft.server.MinecraftServer.v(MinecraftServer.java:1177)
09.04.2023 - 11:17:53 - 	at net.minecraft.server.MinecraftServer.lambda$spin$0(MinecraftServer.java:305)
09.04.2023 - 11:17:53 - 	at java.base/java.lang.Thread.run(Thread.java:833)
12.04.2023 - 05:21:13 - [TAB v3.3.0] Failed to enable. Did you just invent a new way to break the plugin by misconfiguring it?
12.04.2023 - 05:21:13 - java.lang.ArrayIndexOutOfBoundsException: Index 0 out of bounds for length 0
12.04.2023 - 05:21:13 - 	at TAB.v3.3.0.jar//me.neznamy.tab.libs.yamlassist.types.BadIndentation.checkForIndent(BadIndentation.java:30)
12.04.2023 - 05:21:13 - 	at TAB.v3.3.0.jar//me.neznamy.tab.libs.yamlassist.types.BadIndentation.getSuggestions(BadIndentation.java:17)
12.04.2023 - 05:21:13 - 	at TAB.v3.3.0.jar//me.neznamy.tab.libs.yamlassist.YamlAssist.getSuggestions(YamlAssist.java:63)
12.04.2023 - 05:21:13 - 	at TAB.v3.3.0.jar//me.neznamy.tab.api.config.YamlConfigurationFile.<init>(YamlConfigurationFile.java:66)
12.04.2023 - 05:21:13 - 	at TAB.v3.3.0.jar//me.neznamy.tab.shared.config.Configs.<init>(Configs.java:26)
12.04.2023 - 05:21:13 - 	at TAB.v3.3.0.jar//me.neznamy.tab.shared.TAB.load(TAB.java:146)
12.04.2023 - 05:21:13 - 	at TAB.v3.3.0.jar//me.neznamy.tab.platforms.bukkit.BukkitTAB.onEnable(BukkitTAB.java:43)
12.04.2023 - 05:21:13 - 	at org.bukkit.plugin.java.JavaPlugin.setEnabled(JavaPlugin.java:264)
12.04.2023 - 05:21:13 - 	at org.bukkit.plugin.java.JavaPluginLoader.enablePlugin(JavaPluginLoader.java:370)
12.04.2023 - 05:21:13 - 	at org.bukkit.plugin.SimplePluginManager.enablePlugin(SimplePluginManager.java:542)
12.04.2023 - 05:21:13 - 	at org.bukkit.craftbukkit.v1_19_R1.CraftServer.enablePlugin(CraftServer.java:565)
12.04.2023 - 05:21:13 - 	at org.bukkit.craftbukkit.v1_19_R1.CraftServer.enablePlugins(CraftServer.java:479)
12.04.2023 - 05:21:13 - 	at net.minecraft.server.MinecraftServer.loadWorld0(MinecraftServer.java:636)
12.04.2023 - 05:21:13 - 	at net.minecraft.server.MinecraftServer.loadLevel(MinecraftServer.java:422)
12.04.2023 - 05:21:13 - 	at net.minecraft.server.dedicated.DedicatedServer.e(DedicatedServer.java:306)
12.04.2023 - 05:21:13 - 	at net.minecraft.server.MinecraftServer.v(MinecraftServer.java:1100)
12.04.2023 - 05:21:13 - 	at net.minecraft.server.MinecraftServer.lambda$spin$0(MinecraftServer.java:305)
12.04.2023 - 05:21:13 - 	at java.base/java.lang.Thread.run(Thread.java:833)
12.04.2023 - 05:25:01 - [TAB v3.3.0] Failed to enable. Did you just invent a new way to break the plugin by misconfiguring it?
12.04.2023 - 05:25:01 - java.lang.ArrayIndexOutOfBoundsException: Index 0 out of bounds for length 0
12.04.2023 - 05:25:01 - 	at TAB.v3.3.0.jar//me.neznamy.tab.libs.yamlassist.types.BadIndentation.checkForIndent(BadIndentation.java:30)
12.04.2023 - 05:25:01 - 	at TAB.v3.3.0.jar//me.neznamy.tab.libs.yamlassist.types.BadIndentation.getSuggestions(BadIndentation.java:17)
12.04.2023 - 05:25:01 - 	at TAB.v3.3.0.jar//me.neznamy.tab.libs.yamlassist.YamlAssist.getSuggestions(YamlAssist.java:63)
12.04.2023 - 05:25:01 - 	at TAB.v3.3.0.jar//me.neznamy.tab.api.config.YamlConfigurationFile.<init>(YamlConfigurationFile.java:66)
12.04.2023 - 05:25:01 - 	at TAB.v3.3.0.jar//me.neznamy.tab.shared.config.Configs.<init>(Configs.java:26)
12.04.2023 - 05:25:01 - 	at TAB.v3.3.0.jar//me.neznamy.tab.shared.TAB.load(TAB.java:146)
12.04.2023 - 05:25:01 - 	at TAB.v3.3.0.jar//me.neznamy.tab.shared.command.DisabledCommand.execute(DisabledCommand.java:29)
12.04.2023 - 05:25:01 - 	at TAB.v3.3.0.jar//me.neznamy.tab.platforms.bukkit.BukkitTAB$TABCommand.onCommand(BukkitTAB.java:118)
12.04.2023 - 05:25:01 - 	at org.bukkit.command.PluginCommand.execute(PluginCommand.java:45)
12.04.2023 - 05:25:01 - 	at org.bukkit.command.SimpleCommandMap.dispatch(SimpleCommandMap.java:155)
12.04.2023 - 05:25:01 - 	at org.bukkit.craftbukkit.v1_19_R1.CraftServer.dispatchCommand(CraftServer.java:916)
12.04.2023 - 05:25:01 - 	at org.bukkit.craftbukkit.v1_19_R1.CraftServer.dispatchServerCommand(CraftServer.java:879)
12.04.2023 - 05:25:01 - 	at net.minecraft.server.dedicated.DedicatedServer.bg(DedicatedServer.java:500)
12.04.2023 - 05:25:01 - 	at net.minecraft.server.dedicated.DedicatedServer.b(DedicatedServer.java:447)
12.04.2023 - 05:25:01 - 	at net.minecraft.server.MinecraftServer.a(MinecraftServer.java:1397)
12.04.2023 - 05:25:01 - 	at net.minecraft.server.MinecraftServer.v(MinecraftServer.java:1173)
12.04.2023 - 05:25:01 - 	at net.minecraft.server.MinecraftServer.lambda$spin$0(MinecraftServer.java:305)
12.04.2023 - 05:25:01 - 	at java.base/java.lang.Thread.run(Thread.java:833)
12.04.2023 - 05:26:17 - [TAB v3.3.0] Failed to enable. Did you just invent a new way to break the plugin by misconfiguring it?
12.04.2023 - 05:26:17 - java.lang.ArrayIndexOutOfBoundsException: Index 0 out of bounds for length 0
12.04.2023 - 05:26:17 - 	at TAB.v3.3.0.jar//me.neznamy.tab.libs.yamlassist.types.BadIndentation.checkForIndent(BadIndentation.java:30)
12.04.2023 - 05:26:17 - 	at TAB.v3.3.0.jar//me.neznamy.tab.libs.yamlassist.types.BadIndentation.getSuggestions(BadIndentation.java:17)
12.04.2023 - 05:26:17 - 	at TAB.v3.3.0.jar//me.neznamy.tab.libs.yamlassist.YamlAssist.getSuggestions(YamlAssist.java:63)
12.04.2023 - 05:26:17 - 	at TAB.v3.3.0.jar//me.neznamy.tab.api.config.YamlConfigurationFile.<init>(YamlConfigurationFile.java:66)
12.04.2023 - 05:26:17 - 	at TAB.v3.3.0.jar//me.neznamy.tab.shared.config.Configs.<init>(Configs.java:26)
12.04.2023 - 05:26:17 - 	at TAB.v3.3.0.jar//me.neznamy.tab.shared.TAB.load(TAB.java:146)
12.04.2023 - 05:26:17 - 	at TAB.v3.3.0.jar//me.neznamy.tab.shared.command.DisabledCommand.execute(DisabledCommand.java:29)
12.04.2023 - 05:26:17 - 	at TAB.v3.3.0.jar//me.neznamy.tab.platforms.bukkit.BukkitTAB$TABCommand.onCommand(BukkitTAB.java:118)
12.04.2023 - 05:26:17 - 	at org.bukkit.command.PluginCommand.execute(PluginCommand.java:45)
12.04.2023 - 05:26:17 - 	at org.bukkit.command.SimpleCommandMap.dispatch(SimpleCommandMap.java:155)
12.04.2023 - 05:26:17 - 	at org.bukkit.craftbukkit.v1_19_R1.CraftServer.dispatchCommand(CraftServer.java:916)
12.04.2023 - 05:26:17 - 	at org.bukkit.craftbukkit.v1_19_R1.CraftServer.dispatchServerCommand(CraftServer.java:879)
12.04.2023 - 05:26:17 - 	at net.minecraft.server.dedicated.DedicatedServer.bg(DedicatedServer.java:500)
12.04.2023 - 05:26:17 - 	at net.minecraft.server.dedicated.DedicatedServer.b(DedicatedServer.java:447)
12.04.2023 - 05:26:17 - 	at net.minecraft.server.MinecraftServer.a(MinecraftServer.java:1397)
12.04.2023 - 05:26:17 - 	at net.minecraft.server.MinecraftServer.v(MinecraftServer.java:1173)
12.04.2023 - 05:26:17 - 	at net.minecraft.server.MinecraftServer.lambda$spin$0(MinecraftServer.java:305)
12.04.2023 - 05:26:17 - 	at java.base/java.lang.Thread.run(Thread.java:833)
