09.05.2024 - 14:26:26 - [TAB v4.1.2] Player placeholder %kdratio_ratio% generated an error when setting for player AyanIslive6
09.05.2024 - 14:26:26 - java.lang.NullPointerException: Cannot invoke "org.bukkit.entity.Player.getStatistic(org.bukkit.Statistic)" because "player" is null
09.05.2024 - 14:26:26 - 	at co.lanze.kdratio.KDRatio.onPlaceholderRequest(KDRatio.java:33)
09.05.2024 - 14:26:26 - 	at PlaceholderAPI-2.11.3.jar//me.clip.placeholderapi.PlaceholderHook.onRequest(PlaceholderHook.java:35)
09.05.2024 - 14:26:26 - 	at PlaceholderAPI-2.11.3.jar//me.clip.placeholderapi.replacer.CharsReplacer.apply(CharsReplacer.java:119)
09.05.2024 - 14:26:26 - 	at PlaceholderAPI-2.11.3.jar//me.clip.placeholderapi.PlaceholderAPI.setPlaceholders(PlaceholderAPI.java:71)
09.05.2024 - 14:26:26 - 	at PlaceholderAPI-2.11.3.jar//me.clip.placeholderapi.PlaceholderAPI.setPlaceholders(PlaceholderAPI.java:99)
09.05.2024 - 14:26:26 - 	at TAB v4.1.2.jar//me.neznamy.tab.platforms.bukkit.platform.BukkitPlatform.lambda$registerUnknownPlaceholder$7(BukkitPlatform.java:190)
09.05.2024 - 14:26:26 - 	at TAB v4.1.2.jar//me.neznamy.tab.shared.placeholders.PlayerPlaceholderImpl.request(PlayerPlaceholderImpl.java:146)
09.05.2024 - 14:26:26 - 	at TAB v4.1.2.jar//me.neznamy.tab.shared.placeholders.PlayerPlaceholderImpl.update(PlayerPlaceholderImpl.java:52)
09.05.2024 - 14:26:26 - 	at TAB v4.1.2.jar//me.neznamy.tab.shared.features.PlaceholderManagerImpl.updatePlayerPlaceholder(PlaceholderManagerImpl.java:120)
09.05.2024 - 14:26:26 - 	at TAB v4.1.2.jar//me.neznamy.tab.shared.features.PlaceholderManagerImpl.refresh(PlaceholderManagerImpl.java:67)
09.05.2024 - 14:26:26 - 	at TAB v4.1.2.jar//me.neznamy.tab.shared.cpu.CpuManager.lambda$enable$1(CpuManager.java:77)
09.05.2024 - 14:26:26 - 	at TAB v4.1.2.jar//me.neznamy.tab.shared.cpu.CpuManager.run(CpuManager.java:173)
09.05.2024 - 14:26:26 - 	at TAB v4.1.2.jar//me.neznamy.tab.shared.cpu.CpuManager.lambda$enable$2(CpuManager.java:75)
09.05.2024 - 14:26:26 - 	at java.base/java.util.concurrent.Executors$RunnableAdapter.call(Executors.java:572)
09.05.2024 - 14:26:26 - 	at java.base/java.util.concurrent.FutureTask.runAndReset(FutureTask.java:358)
09.05.2024 - 14:26:26 - 	at java.base/java.util.concurrent.ScheduledThreadPoolExecutor$ScheduledFutureTask.run(ScheduledThreadPoolExecutor.java:305)
09.05.2024 - 14:26:26 - 	at java.base/java.util.concurrent.ThreadPoolExecutor.runWorker(ThreadPoolExecutor.java:1144)
09.05.2024 - 14:26:26 - 	at java.base/java.util.concurrent.ThreadPoolExecutor$Worker.run(ThreadPoolExecutor.java:642)
09.05.2024 - 14:26:26 - 	at java.base/java.lang.Thread.run(Thread.java:1583)
09.05.2024 - 14:26:27 - [TAB v4.1.2] Player placeholder %kdratio_ratio% generated an error when setting for player AyanIslive6
09.05.2024 - 14:26:27 - java.lang.NullPointerException: Cannot invoke "org.bukkit.entity.Player.getStatistic(org.bukkit.Statistic)" because "player" is null
09.05.2024 - 14:26:27 - 	at co.lanze.kdratio.KDRatio.onPlaceholderRequest(KDRatio.java:33)
09.05.2024 - 14:26:27 - 	at PlaceholderAPI-2.11.3.jar//me.clip.placeholderapi.PlaceholderHook.onRequest(PlaceholderHook.java:35)
09.05.2024 - 14:26:27 - 	at PlaceholderAPI-2.11.3.jar//me.clip.placeholderapi.replacer.CharsReplacer.apply(CharsReplacer.java:119)
09.05.2024 - 14:26:27 - 	at PlaceholderAPI-2.11.3.jar//me.clip.placeholderapi.PlaceholderAPI.setPlaceholders(PlaceholderAPI.java:71)
09.05.2024 - 14:26:27 - 	at PlaceholderAPI-2.11.3.jar//me.clip.placeholderapi.PlaceholderAPI.setPlaceholders(PlaceholderAPI.java:99)
09.05.2024 - 14:26:27 - 	at TAB v4.1.2.jar//me.neznamy.tab.platforms.bukkit.platform.BukkitPlatform.lambda$registerUnknownPlaceholder$7(BukkitPlatform.java:190)
09.05.2024 - 14:26:27 - 	at TAB v4.1.2.jar//me.neznamy.tab.shared.placeholders.PlayerPlaceholderImpl.request(PlayerPlaceholderImpl.java:146)
09.05.2024 - 14:26:27 - 	at TAB v4.1.2.jar//me.neznamy.tab.shared.placeholders.PlayerPlaceholderImpl.update(PlayerPlaceholderImpl.java:52)
09.05.2024 - 14:26:27 - 	at TAB v4.1.2.jar//me.neznamy.tab.shared.features.PlaceholderManagerImpl.updatePlayerPlaceholder(PlaceholderManagerImpl.java:120)
09.05.2024 - 14:26:27 - 	at TAB v4.1.2.jar//me.neznamy.tab.shared.features.PlaceholderManagerImpl.refresh(PlaceholderManagerImpl.java:67)
09.05.2024 - 14:26:27 - 	at TAB v4.1.2.jar//me.neznamy.tab.shared.cpu.CpuManager.lambda$enable$1(CpuManager.java:77)
09.05.2024 - 14:26:27 - 	at TAB v4.1.2.jar//me.neznamy.tab.shared.cpu.CpuManager.run(CpuManager.java:173)
09.05.2024 - 14:26:27 - 	at TAB v4.1.2.jar//me.neznamy.tab.shared.cpu.CpuManager.lambda$enable$2(CpuManager.java:75)
09.05.2024 - 14:26:27 - 	at java.base/java.util.concurrent.Executors$RunnableAdapter.call(Executors.java:572)
09.05.2024 - 14:26:27 - 	at java.base/java.util.concurrent.FutureTask.runAndReset(FutureTask.java:358)
09.05.2024 - 14:26:27 - 	at java.base/java.util.concurrent.ScheduledThreadPoolExecutor$ScheduledFutureTask.run(ScheduledThreadPoolExecutor.java:305)
09.05.2024 - 14:26:27 - 	at java.base/java.util.concurrent.ThreadPoolExecutor.runWorker(ThreadPoolExecutor.java:1144)
09.05.2024 - 14:26:27 - 	at java.base/java.util.concurrent.ThreadPoolExecutor$Worker.run(ThreadPoolExecutor.java:642)
09.05.2024 - 14:26:27 - 	at java.base/java.lang.Thread.run(Thread.java:1583)
