[2024/04/07 13:46:01]: §9          __             _       
[2024/04/07 13:46:01]: §9  _ __   / /  ___   __ _(_)_ __  
[2024/04/07 13:46:01]: §9 | '_ \ / /  / _ \ / _` | | '_ \ 
[2024/04/07 13:46:01]: §9 | | | / /__| (_) | (_| | | | | |
[2024/04/07 13:46:01]: §9 |_| |_\____/\___/ \__, |_|_| |_|
[2024/04/07 13:46:01]: §9                  |___/            
[2024/04/07 13:46:01]: §9 By: www.nickuc.com - V 10.3.6 DEVELOPMENT
[2024/04/07 13:46:01]: §9 
[2024/04/07 13:46:01]: §3[nLogin] [DEBUG] All settings were loaded in 46 ms.
[2024/04/07 13:46:01]: §3[nLogin] [DEBUG] Loading the messages_en.yml message file...
[2024/04/07 13:46:01]: §3[nLogin] [DEBUG] All plugin messages were loaded in 22 ms (languageByClient=false).
[2024/04/07 13:46:01]: §3[nLogin] [DEBUG] All proxy settings were loaded in 1 ms.
[2024/04/07 13:46:01]: §3[nLogin] [DEBUG] Loading database...
[2024/04/07 13:46:01]: §3[nLogin] [DEBUG] Starting logger filter...
[2024/04/07 13:46:57]: §3[nLogin] [DEBUG] [SQLite] [UPDATE]: "UPDATE `nlogin` SET `last_name` = 'RevengeGamingYT2', `unique_id` = 0e07d5757afc319a85c6d636c076066b,  `mojang_id` = null,  `bedrock_id` = null,  `password` = '$SHA512$03c30020b7a79bceb517ce195c1ad93cb06c20885ebb52b83264f66c5cf6d4a9856511cdc692505ced6e71e12080f3438544cf00414e3e75e2a337a67df72a78$tyctuMuHGnErBDCcEnPfGWmY', `last_ip` = '110.38.253.117', `creation_date` = 2024-04-06 08:00:46.72, `last_seen` = 2024-04-07 13:46:57.392, `email` = null, `discord` = null, `settings` = '{"settings":[{"value":"WhcSn2WMBWwCS/7gXHafZam4v+Xirg1Lgl3wXMsqfs9riDEcgya4R2gtnDNZsxHwXzY/TnnBua7TlH7jaSk73aDj3jHEPMGt5NGWzEl6cGv2Iiu8MECXnzH9wyg/nSzJgoEcJbYwxvT9WzT98JSCaJ4uDnImmzBnDoLhw4PwXIBALZHlyv7jwqJH8XTV10wRJ9PpSKGtBtOx8xfEYYLk2QfTuys9oiAMMCNwVUuKKOIt0ez/uHEwEj8x/2E4dTvpy+6E96G+t4AbGBJa49W2XLMm0qU8V1eXZOLmrsTmtMqhd+p9M1uKXRdGx6nB/6iKm/s3gkRsPbL0gQJlbtcMpJbD8c4N+B1Ed+6U3xXrkR57H9pNAPubclvJOSC4Z90C1yVoJws8ktoIt7ZCdIOfcffUT9JDXxKwEjrFtIFnnvT4D6DMtJitwyQtRZSwsUkV63PWI1esPjitev+aTPQwh/5qcQmz4NMd3N5/DbnavvO8qjoiWymgdpc0xeltlOIwOjeUQsxVAxvwzyShR3OWrzV0tFZ3GJsvI1+JF5FDz0HQFdBgwT8o+YZzHe5ofzHXF6nbIhhZazheEA/LIEK+XgnHh/QA8HL7E+UgvhazBX9jBILdA5oFiTyBpSz4E5ZZEHZGeJ21DE/zEWyWe7n2SZzRXrZFzXXXpDZCaNq5ZNk=:EgPxpoCOSYn9okjbxxwMHfo2yMKhDm/ryN/DHPztwZEmMypwHYuTd/NVuDXYO5eKO0byMQ7l3A==","key":"encrypted"},{"value":"en","key":"language"}],"version":0}' WHERE `ai` = 1" (applied to [last_ip, last_seen, settings] columns)
[2024/04/07 13:46:57]: [nLogin] The user RevengeGamingYT2 has successfully logged in.
[2024/04/07 13:48:16]: §3[nLogin] [DEBUG] [SQLite] [UPDATE]: "UPDATE `nlogin` SET `last_name` = 'AyanIslive6', `unique_id` = b4aacc51f3663410b8a6bc6975a1df4a,  `mojang_id` = null,  `bedrock_id` = null,  `password` = '$SHA512$09d9ad84b4e3076fae53196f8c11192d4b1704d3f34a3f715c2e5d106b32cebf0bb73cad88c750a8940d2c8c526337eae93f328e51b586d32b40934b1487013d$URleNJnrzuQLEwUgKbebluxL', `last_ip` = '122.161.73.132', `creation_date` = 2024-04-06 08:01:13.368, `last_seen` = 2024-04-07 13:48:16.489, `email` = null, `discord` = null, `settings` = '{"settings":[{"value":"eq2UWQdXk+d8MUsKmNkStXPhQwSJwBJiVebTw8UmboTpb+Hjcsb/7q5+gSwv7ZtNZpsq/EqxkV6FdlTynkD3CKl+W+eRWBaX7BdZ/MmB3wGAey6S5gqZ/RrditdbyCqAM2EZtCPddI69NFYxl6mB7X8wMxLCzSUdl5hSlO1O5npN6T3rVaMscxqpibRRNqiOUr9gP8GBL/FYpd/DdLap9rOH2RylgV66qZtVzHjRYtxF35a8rIT3HssfKghOjebMF8vZkCkHjlgDZGI1pWeDNTsrSRQ/wKmmFEyn9S0c64qXjKwF93UIy+lMx0jwMXeVy6Gml1cVupCcaLW6uuSOI3ebm2S0KC2rWrvHPUCYRCUlHblCfg+qb2jdn1ypefkl7I/D8Hrgs/7kky7kd6wVfTP/uWKVpH/a0+q3vtCTlJsH0gew885E6UDJ9yKN+m7SU5VJVR6JPvQNVQFeg/ODTAkhUQ574am8yRsNXvye434bCGEMtRFhO6yhPh6M4lCysDJUzjB6v+PcTmgi1JN4G47avn2GyzKJICY7dFd2A8knSPoKu2rvak8g4Ph3TRAuVHZC7WbVPu6VzexXbnA2fOYvTFd4CudrG52zAyjl+r4g1ZarQuRyi6KUbRZqUILLHQBctGhFxHABaItDAAotxvE39ruOqwcYkWPcPHJTBag=:Jdj13nx7gtNvdnwAZXPa0UPyX6+lCMgZaYHAwx/+FyE73uFkyszvlLlqVDCPpT6iwYEGPMhiU/qdjA==","key":"encrypted"},{"value":"en","key":"language"}],"version":0}' WHERE `ai` = 2" (applied to [last_ip, last_seen, settings] columns)
[2024/04/07 13:48:16]: [nLogin] The user AyanIslive6 has successfully logged in.
[2024/04/07 13:50:08]: §3[nLogin] [DEBUG] [SQLite] [UPDATE]: "UPDATE `nlogin` SET `last_name` = 'AyanIslive6', `unique_id` = b4aacc51f3663410b8a6bc6975a1df4a,  `mojang_id` = null,  `bedrock_id` = null,  `password` = '$SHA512$09d9ad84b4e3076fae53196f8c11192d4b1704d3f34a3f715c2e5d106b32cebf0bb73cad88c750a8940d2c8c526337eae93f328e51b586d32b40934b1487013d$URleNJnrzuQLEwUgKbebluxL', `last_ip` = '122.161.73.132', `creation_date` = 2024-04-06 08:01:13.368, `last_seen` = 2024-04-07 13:50:08.688, `email` = null, `discord` = null, `settings` = '{"settings":[{"value":"eq2UWQdXk+d8MUsKmNkStXPhQwSJwBJiVebTw8UmboTpb+Hjcsb/7q5+gSwv7ZtNZpsq/EqxkV6FdlTynkD3CKl+W+eRWBaX7BdZ/MmB3wGAey6S5gqZ/RrditdbyCqAM2EZtCPddI69NFYxl6mB7X8wMxLCzSUdl5hSlO1O5npN6T3rVaMscxqpibRRNqiOUr9gP8GBL/FYpd/DdLap9rOH2RylgV66qZtVzHjRYtxF35a8rIT3HssfKghOjebMF8vZkCkHjlgDZGI1pWeDNTsrSRQ/wKmmFEyn9S0c64qXjKwF93UIy+lMx0jwMXeVy6Gml1cVupCcaLW6uuSOI3ebm2S0KC2rWrvHPUCYRCUlHblCfg+qb2jdn1ypefkl7I/D8Hrgs/7kky7kd6wVfTP/uWKVpH/a0+q3vtCTlJsH0gew885E6UDJ9yKN+m7SU5VJVR6JPvQNVQFeg/ODTAkhUQ574am8yRsNXvye434bCGEMtRFhO6yhPh6M4lCysDJUzjB6v+PcTmgi1JN4G47avn2GyzKJICY7dFd2A8knSPoKu2rvak8g4Ph3TRAuVHZC7WbVPu6VzexXbnA2fOYvTFd4CudrG52zAyjl+r4g1ZarQuRyi6KUbRZqUILLHQBctGhFxHABaItDAAotxvE39ruOqwcYkWPcPHJTBag=:Jdj13nx7gtNvdnwAZXPa0UPyX6+lCMgZaYHAwx/+FyE73uFkyszvlLlqVDCPpT6iwYEGPMhiU/qdjA==","key":"encrypted"},{"value":"en","key":"language"}],"version":0}' WHERE `ai` = 2" (applied to [last_seen, settings] columns)
[2024/04/07 13:53:06]: §3[nLogin] [DEBUG] [ProtocolLib] com.comphenix.protocol.injector.temporary.TemporaryPlayerInvocationHandler@23395432 has been disconnected: This player is already online.
[2024/04/07 13:53:13]: [nLogin] Successful plugin core shutdown (took 0.00s)
